# JRE version: OpenJDK Runtime Environment Temurin-21.0.8+9 (21.0.8+9) (build 21.0.8+9-LTS)
# Java VM: OpenJDK 64-Bit Server VM Temurin-21.0.8+9 (21.0.8+9-LTS, mixed mode, sharing, tiered, compressed oops, compressed class ptrs, parallel gc, windows-amd64)
GC Precious Log:
 CardTable entry size: 512
 CPUs: 8 total, 8 available
 Memory: 16227M
 Large Page Support: Disabled
 NUMA Support: Disabled
 Compressed Oops: Enabled (32-bit)
 Alignments: Space 512K, Generation 512K, Heap 2M
 Heap Min Capacity: 100M
 Heap Initial Capacity: 100M
 Heap Max Capacity: 2G
 Pre-touch: Disabled
 Parallel Workers: 8
Heap:
 PSYoungGen      total 15360K, used 11625K [0x00000000d5580000, 0x00000000d6880000, 0x0000000100000000)
  eden space 14336K, 75% used [0x00000000d5580000,0x00000000d6009500,0x00000000d6380000)
  from space 1024K, 81% used [0x00000000d6780000,0x00000000d6851250,0x00000000d6880000)
  to   space 1536K, 0% used [0x00000000d6580000,0x00000000d6580000,0x00000000d6700000)
 ParOldGen       total 89088K, used 89082K [0x0000000080000000, 0x0000000085700000, 0x00000000d5580000)
  object space 89088K, 99% used [0x0000000080000000,0x00000000856fe938,0x0000000085700000)
 Metaspace       used 63182K, committed 64640K, reserved 1114112K
  class space    used 7404K, committed 8064K, reserved 1048576K
GC Heap History (20 events):
Event: 18.102 GC heap before
{Heap before GC invocations=46 (full 3):
 PSYoungGen      total 18432K, used 18032K [0x00000000d5580000, 0x00000000d7280000, 0x0000000100000000)
  eden space 14336K, 100% used [0x00000000d5580000,0x00000000d6380000,0x00000000d6380000)
  from space 4096K, 90% used [0x00000000d6e80000,0x00000000d721c010,0x00000000d7280000)
  to   space 5632K, 0% used [0x00000000d6780000,0x00000000d6780000,0x00000000d6d00000)
 ParOldGen       total 77824K, used 71410K [0x0000000080000000, 0x0000000084c00000, 0x00000000d5580000)
  object space 77824K, 91% used [0x0000000080000000,0x00000000845bc9d0,0x0000000084c00000)
 Metaspace       used 61654K, committed 63040K, reserved 1114112K
  class space    used 7267K, committed 7872K, reserved 1048576K
}
Event: 18.107 GC heap after
{Heap after GC invocations=46 (full 3):
 PSYoungGen      total 15872K, used 1504K [0x00000000d5580000, 0x00000000d6f00000, 0x0000000100000000)
  eden space 14336K, 0% used [0x00000000d5580000,0x00000000d5580000,0x00000000d6380000)
  from space 1536K, 97% used [0x00000000d6780000,0x00000000d68f8030,0x00000000d6900000)
  to   space 3072K, 0% used [0x00000000d6c00000,0x00000000d6c00000,0x00000000d6f00000)
 ParOldGen       total 77824K, used 74942K [0x0000000080000000, 0x0000000084c00000, 0x00000000d5580000)
  object space 77824K, 96% used [0x0000000080000000,0x000000008492f998,0x0000000084c00000)
 Metaspace       used 61654K, committed 63040K, reserved 1114112K
  class space    used 7267K, committed 7872K, reserved 1048576K
}
Event: 18.290 GC heap before
{Heap before GC invocations=47 (full 3):
 PSYoungGen      total 15872K, used 15840K [0x00000000d5580000, 0x00000000d6f00000, 0x0000000100000000)
  eden space 14336K, 100% used [0x00000000d5580000,0x00000000d6380000,0x00000000d6380000)
  from space 1536K, 97% used [0x00000000d6780000,0x00000000d68f8030,0x00000000d6900000)
  to   space 3072K, 0% used [0x00000000d6c00000,0x00000000d6c00000,0x00000000d6f00000)
 ParOldGen       total 77824K, used 74942K [0x0000000080000000, 0x0000000084c00000, 0x00000000d5580000)
  object space 77824K, 96% used [0x0000000080000000,0x000000008492f998,0x0000000084c00000)
 Metaspace       used 61900K, committed 63296K, reserved 1114112K
  class space    used 7304K, committed 7872K, reserved 1048576K
}
Event: 18.298 GC heap after
{Heap after GC invocations=47 (full 3):
 PSYoungGen      total 16384K, used 1841K [0x00000000d5580000, 0x00000000d6e00000, 0x0000000100000000)
  eden space 14336K, 0% used [0x00000000d5580000,0x00000000d5580000,0x00000000d6380000)
  from space 2048K, 89% used [0x00000000d6c00000,0x00000000d6dcc410,0x00000000d6e00000)
  to   space 2048K, 0% used [0x00000000d6a00000,0x00000000d6a00000,0x00000000d6c00000)
 ParOldGen       total 77824K, used 76310K [0x0000000080000000, 0x0000000084c00000, 0x00000000d5580000)
  object space 77824K, 98% used [0x0000000080000000,0x0000000084a859c8,0x0000000084c00000)
 Metaspace       used 61900K, committed 63296K, reserved 1114112K
  class space    used 7304K, committed 7872K, reserved 1048576K
}
Event: 18.372 GC heap before
{Heap before GC invocations=48 (full 3):
 PSYoungGen      total 16384K, used 16177K [0x00000000d5580000, 0x00000000d6e00000, 0x0000000100000000)
  eden space 14336K, 100% used [0x00000000d5580000,0x00000000d6380000,0x00000000d6380000)
  from space 2048K, 89% used [0x00000000d6c00000,0x00000000d6dcc410,0x00000000d6e00000)
  to   space 2048K, 0% used [0x00000000d6a00000,0x00000000d6a00000,0x00000000d6c00000)
 ParOldGen       total 77824K, used 76310K [0x0000000080000000, 0x0000000084c00000, 0x00000000d5580000)
  object space 77824K, 98% used [0x0000000080000000,0x0000000084a859c8,0x0000000084c00000)
 Metaspace       used 62068K, committed 63360K, reserved 1114112K
  class space    used 7331K, committed 7872K, reserved 1048576K
}
Event: 18.377 GC heap after
{Heap after GC invocations=48 (full 3):
 PSYoungGen      total 16384K, used 2016K [0x00000000d5580000, 0x00000000d6c80000, 0x0000000100000000)
  eden space 14336K, 0% used [0x00000000d5580000,0x00000000d5580000,0x00000000d6380000)
  from space 2048K, 98% used [0x00000000d6a00000,0x00000000d6bf80c0,0x00000000d6c00000)
  to   space 512K, 0% used [0x00000000d6c00000,0x00000000d6c00000,0x00000000d6c80000)
 ParOldGen       total 78336K, used 77943K [0x0000000080000000, 0x0000000084c80000, 0x00000000d5580000)
  object space 78336K, 99% used [0x0000000080000000,0x0000000084c1ddc8,0x0000000084c80000)
 Metaspace       used 62068K, committed 63360K, reserved 1114112K
  class space    used 7331K, committed 7872K, reserved 1048576K
}
Event: 18.460 GC heap before
{Heap before GC invocations=49 (full 3):
 PSYoungGen      total 16384K, used 16352K [0x00000000d5580000, 0x00000000d6c80000, 0x0000000100000000)
  eden space 14336K, 100% used [0x00000000d5580000,0x00000000d6380000,0x00000000d6380000)
  from space 2048K, 98% used [0x00000000d6a00000,0x00000000d6bf80c0,0x00000000d6c00000)
  to   space 512K, 0% used [0x00000000d6c00000,0x00000000d6c00000,0x00000000d6c80000)
 ParOldGen       total 78336K, used 77943K [0x0000000080000000, 0x0000000084c80000, 0x00000000d5580000)
  object space 78336K, 99% used [0x0000000080000000,0x0000000084c1ddc8,0x0000000084c80000)
 Metaspace       used 62097K, committed 63488K, reserved 1114112K
  class space    used 7332K, committed 7936K, reserved 1048576K
}
Event: 18.464 GC heap after
{Heap after GC invocations=49 (full 3):
 PSYoungGen      total 14848K, used 512K [0x00000000d5580000, 0x00000000d6c80000, 0x0000000100000000)
  eden space 14336K, 0% used [0x00000000d5580000,0x00000000d5580000,0x00000000d6380000)
  from space 512K, 100% used [0x00000000d6c00000,0x00000000d6c80000,0x00000000d6c80000)
  to   space 4096K, 0% used [0x00000000d6480000,0x00000000d6480000,0x00000000d6880000)
 ParOldGen       total 81408K, used 81153K [0x0000000080000000, 0x0000000084f80000, 0x00000000d5580000)
  object space 81408K, 99% used [0x0000000080000000,0x0000000084f40628,0x0000000084f80000)
 Metaspace       used 62097K, committed 63488K, reserved 1114112K
  class space    used 7332K, committed 7936K, reserved 1048576K
}
Event: 18.539 GC heap before
{Heap before GC invocations=50 (full 3):
 PSYoungGen      total 14848K, used 14848K [0x00000000d5580000, 0x00000000d6c80000, 0x0000000100000000)
  eden space 14336K, 100% used [0x00000000d5580000,0x00000000d6380000,0x00000000d6380000)
  from space 512K, 100% used [0x00000000d6c00000,0x00000000d6c80000,0x00000000d6c80000)
  to   space 4096K, 0% used [0x00000000d6480000,0x00000000d6480000,0x00000000d6880000)
 ParOldGen       total 81408K, used 81153K [0x0000000080000000, 0x0000000084f80000, 0x00000000d5580000)
  object space 81408K, 99% used [0x0000000080000000,0x0000000084f40628,0x0000000084f80000)
 Metaspace       used 62110K, committed 63488K, reserved 1114112K
  class space    used 7332K, committed 7936K, reserved 1048576K
}
Event: 18.543 GC heap after
{Heap after GC invocations=50 (full 3):
 PSYoungGen      total 18432K, used 1636K [0x00000000d5580000, 0x00000000d6c80000, 0x0000000100000000)
  eden space 14336K, 0% used [0x00000000d5580000,0x00000000d5580000,0x00000000d6380000)
  from space 4096K, 39% used [0x00000000d6480000,0x00000000d6619000,0x00000000d6880000)
  to   space 2560K, 0% used [0x00000000d6a00000,0x00000000d6a00000,0x00000000d6c80000)
 ParOldGen       total 81920K, used 81697K [0x0000000080000000, 0x0000000085000000, 0x00000000d5580000)
  object space 81920K, 99% used [0x0000000080000000,0x0000000084fc8628,0x0000000085000000)
 Metaspace       used 62110K, committed 63488K, reserved 1114112K
  class space    used 7332K, committed 7936K, reserved 1048576K
}
Event: 18.605 GC heap before
{Heap before GC invocations=51 (full 3):
 PSYoungGen      total 18432K, used 15971K [0x00000000d5580000, 0x00000000d6c80000, 0x0000000100000000)
  eden space 14336K, 99% used [0x00000000d5580000,0x00000000d637ffb0,0x00000000d6380000)
  from space 4096K, 39% used [0x00000000d6480000,0x00000000d6619000,0x00000000d6880000)
  to   space 2560K, 0% used [0x00000000d6a00000,0x00000000d6a00000,0x00000000d6c80000)
 ParOldGen       total 81920K, used 81697K [0x0000000080000000, 0x0000000085000000, 0x00000000d5580000)
  object space 81920K, 99% used [0x0000000080000000,0x0000000084fc8628,0x0000000085000000)
 Metaspace       used 62124K, committed 63488K, reserved 1114112K
  class space    used 7332K, committed 7936K, reserved 1048576K
}
Event: 18.611 GC heap after
{Heap after GC invocations=51 (full 3):
 PSYoungGen      total 15872K, used 1472K [0x00000000d5580000, 0x00000000d6b80000, 0x0000000100000000)
  eden space 14336K, 0% used [0x00000000d5580000,0x00000000d5580000,0x00000000d6380000)
  from space 1536K, 95% used [0x00000000d6a00000,0x00000000d6b70000,0x00000000d6b80000)
  to   space 2048K, 0% used [0x00000000d6780000,0x00000000d6780000,0x00000000d6980000)
 ParOldGen       total 83456K, used 83217K [0x0000000080000000, 0x0000000085180000, 0x00000000d5580000)
  object space 83456K, 99% used [0x0000000080000000,0x0000000085144728,0x0000000085180000)
 Metaspace       used 62124K, committed 63488K, reserved 1114112K
  class space    used 7332K, committed 7936K, reserved 1048576K
}
Event: 18.720 GC heap before
{Heap before GC invocations=52 (full 3):
 PSYoungGen      total 15872K, used 15808K [0x00000000d5580000, 0x00000000d6b80000, 0x0000000100000000)
  eden space 14336K, 100% used [0x00000000d5580000,0x00000000d6380000,0x00000000d6380000)
  from space 1536K, 95% used [0x00000000d6a00000,0x00000000d6b70000,0x00000000d6b80000)
  to   space 2048K, 0% used [0x00000000d6780000,0x00000000d6780000,0x00000000d6980000)
 ParOldGen       total 83456K, used 83217K [0x0000000080000000, 0x0000000085180000, 0x00000000d5580000)
  object space 83456K, 99% used [0x0000000080000000,0x0000000085144728,0x0000000085180000)
 Metaspace       used 62202K, committed 63552K, reserved 1114112K
  class space    used 7332K, committed 7936K, reserved 1048576K
}
Event: 18.726 GC heap after
{Heap after GC invocations=52 (full 3):
 PSYoungGen      total 16384K, used 1856K [0x00000000d5580000, 0x00000000d6a80000, 0x0000000100000000)
  eden space 14336K, 0% used [0x00000000d5580000,0x00000000d5580000,0x00000000d6380000)
  from space 2048K, 90% used [0x00000000d6780000,0x00000000d6950010,0x00000000d6980000)
  to   space 1024K, 0% used [0x00000000d6980000,0x00000000d6980000,0x00000000d6a80000)
 ParOldGen       total 84992K, used 84521K [0x0000000080000000, 0x0000000085300000, 0x00000000d5580000)
  object space 84992K, 99% used [0x0000000080000000,0x000000008528a728,0x0000000085300000)
 Metaspace       used 62202K, committed 63552K, reserved 1114112K
  class space    used 7332K, committed 7936K, reserved 1048576K
}
Event: 18.816 GC heap before
{Heap before GC invocations=53 (full 3):
 PSYoungGen      total 16384K, used 16192K [0x00000000d5580000, 0x00000000d6a80000, 0x0000000100000000)
  eden space 14336K, 100% used [0x00000000d5580000,0x00000000d6380000,0x00000000d6380000)
  from space 2048K, 90% used [0x00000000d6780000,0x00000000d6950010,0x00000000d6980000)
  to   space 1024K, 0% used [0x00000000d6980000,0x00000000d6980000,0x00000000d6a80000)
 ParOldGen       total 84992K, used 84521K [0x0000000080000000, 0x0000000085300000, 0x00000000d5580000)
  object space 84992K, 99% used [0x0000000080000000,0x000000008528a728,0x0000000085300000)
 Metaspace       used 62240K, committed 63616K, reserved 1114112K
  class space    used 7332K, committed 7936K, reserved 1048576K
}
Event: 18.820 GC heap after
{Heap after GC invocations=53 (full 3):
 PSYoungGen      total 15360K, used 1016K [0x00000000d5580000, 0x00000000d6a80000, 0x0000000100000000)
  eden space 14336K, 0% used [0x00000000d5580000,0x00000000d5580000,0x00000000d6380000)
  from space 1024K, 99% used [0x00000000d6980000,0x00000000d6a7e200,0x00000000d6a80000)
  to   space 3584K, 0% used [0x00000000d6380000,0x00000000d6380000,0x00000000d6700000)
 ParOldGen       total 87040K, used 86785K [0x0000000080000000, 0x0000000085500000, 0x00000000d5580000)
  object space 87040K, 99% used [0x0000000080000000,0x00000000854c0738,0x0000000085500000)
 Metaspace       used 62240K, committed 63616K, reserved 1114112K
  class space    used 7332K, committed 7936K, reserved 1048576K
}
Event: 18.883 GC heap before
{Heap before GC invocations=54 (full 3):
 PSYoungGen      total 15360K, used 15352K [0x00000000d5580000, 0x00000000d6a80000, 0x0000000100000000)
  eden space 14336K, 100% used [0x00000000d5580000,0x00000000d6380000,0x00000000d6380000)
  from space 1024K, 99% used [0x00000000d6980000,0x00000000d6a7e200,0x00000000d6a80000)
  to   space 3584K, 0% used [0x00000000d6380000,0x00000000d6380000,0x00000000d6700000)
 ParOldGen       total 87040K, used 86785K [0x0000000080000000, 0x0000000085500000, 0x00000000d5580000)
  object space 87040K, 99% used [0x0000000080000000,0x00000000854c0738,0x0000000085500000)
 Metaspace       used 62270K, committed 63744K, reserved 1114112K
  class space    used 7334K, committed 8000K, reserved 1048576K
}
Event: 18.888 GC heap after
{Heap after GC invocations=54 (full 3):
 PSYoungGen      total 17920K, used 1568K [0x00000000d5580000, 0x00000000d6a00000, 0x0000000100000000)
  eden space 14336K, 0% used [0x00000000d5580000,0x00000000d5580000,0x00000000d6380000)
  from space 3584K, 43% used [0x00000000d6380000,0x00000000d6508000,0x00000000d6700000)
  to   space 2560K, 0% used [0x00000000d6780000,0x00000000d6780000,0x00000000d6a00000)
 ParOldGen       total 88064K, used 87850K [0x0000000080000000, 0x0000000085600000, 0x00000000d5580000)
  object space 88064K, 99% used [0x0000000080000000,0x00000000855ca938,0x0000000085600000)
 Metaspace       used 62270K, committed 63744K, reserved 1114112K
  class space    used 7334K, committed 8000K, reserved 1048576K
}
Event: 19.147 GC heap before
{Heap before GC invocations=55 (full 3):
 PSYoungGen      total 17920K, used 15904K [0x00000000d5580000, 0x00000000d6a00000, 0x0000000100000000)
  eden space 14336K, 100% used [0x00000000d5580000,0x00000000d6380000,0x00000000d6380000)
  from space 3584K, 43% used [0x00000000d6380000,0x00000000d6508000,0x00000000d6700000)
  to   space 2560K, 0% used [0x00000000d6780000,0x00000000d6780000,0x00000000d6a00000)
 ParOldGen       total 88064K, used 87850K [0x0000000080000000, 0x0000000085600000, 0x00000000d5580000)
  object space 88064K, 99% used [0x0000000080000000,0x00000000855ca938,0x0000000085600000)
 Metaspace       used 62742K, committed 64256K, reserved 1114112K
  class space    used 7385K, committed 8064K, reserved 1048576K
}
Event: 19.150 GC heap after
{Heap after GC invocations=55 (full 3):
 PSYoungGen      total 15360K, used 836K [0x00000000d5580000, 0x00000000d6880000, 0x0000000100000000)
  eden space 14336K, 0% used [0x00000000d5580000,0x00000000d5580000,0x00000000d6380000)
  from space 1024K, 81% used [0x00000000d6780000,0x00000000d6851250,0x00000000d6880000)
  to   space 1536K, 0% used [0x00000000d6580000,0x00000000d6580000,0x00000000d6700000)
 ParOldGen       total 89088K, used 89082K [0x0000000080000000, 0x0000000085700000, 0x00000000d5580000)
  object space 89088K, 99% used [0x0000000080000000,0x00000000856fe938,0x0000000085700000)
 Metaspace       used 62742K, committed 64256K, reserved 1114112K
  class space    used 7385K, committed 8064K, reserved 1048576K
}

