# JRE version: OpenJDK Runtime Environment Temurin-21.0.8+9 (21.0.8+9) (build 21.0.8+9-LTS)
# Java VM: OpenJDK 64-Bit Server VM Temurin-21.0.8+9 (21.0.8+9-LTS, mixed mode, sharing, tiered, compressed oops, compressed class ptrs, parallel gc, windows-amd64)
GC Precious Log:
 CardTable entry size: 512
 CPUs: 8 total, 8 available
 Memory: 16227M
 Large Page Support: Disabled
 NUMA Support: Disabled
 Compressed Oops: Enabled (32-bit)
 Alignments: Space 512K, Generation 512K, Heap 2M
 Heap Min Capacity: 100M
 Heap Initial Capacity: 100M
 Heap Max Capacity: 2G
 Pre-touch: Disabled
 Parallel Workers: 8
Heap:
 PSYoungGen      total 23040K, used 4602K [0x00000000d5580000, 0x00000000d7180000, 0x0000000100000000)
  eden space 22016K, 16% used [0x00000000d5580000,0x00000000d5916870,0x00000000d6b00000)
  from space 1024K, 90% used [0x00000000d6f80000,0x00000000d7068000,0x00000000d7080000)
  to   space 1024K, 0% used [0x00000000d7080000,0x00000000d7080000,0x00000000d7180000)
 ParOldGen       total 68608K, used 52285K [0x0000000080000000, 0x0000000084300000, 0x00000000d5580000)
  object space 68608K, 76% used [0x0000000080000000,0x000000008330f530,0x0000000084300000)
 Metaspace       used 55293K, committed 56576K, reserved 1114112K
  class space    used 6406K, committed 6976K, reserved 1048576K
GC Heap History (20 events):
Event: 10.904 GC heap before
{Heap before GC invocations=31 (full 2):
 PSYoungGen      total 23040K, used 22720K [0x00000000d5580000, 0x00000000d7500000, 0x0000000100000000)
  eden space 22016K, 100% used [0x00000000d5580000,0x00000000d6b00000,0x00000000d6b00000)
  from space 1024K, 68% used [0x00000000d7400000,0x00000000d74b0000,0x00000000d7500000)
  to   space 1024K, 0% used [0x00000000d7300000,0x00000000d7300000,0x00000000d7400000)
 ParOldGen       total 68608K, used 34222K [0x0000000080000000, 0x0000000084300000, 0x00000000d5580000)
  object space 68608K, 49% used [0x0000000080000000,0x000000008216b920,0x0000000084300000)
 Metaspace       used 45169K, committed 46336K, reserved 1114112K
  class space    used 4901K, committed 5440K, reserved 1048576K
}
Event: 10.906 GC heap after
{Heap after GC invocations=31 (full 2):
 PSYoungGen      total 22528K, used 512K [0x00000000d5580000, 0x00000000d7480000, 0x0000000100000000)
  eden space 22016K, 0% used [0x00000000d5580000,0x00000000d5580000,0x00000000d6b00000)
  from space 512K, 100% used [0x00000000d7300000,0x00000000d7380000,0x00000000d7380000)
  to   space 1024K, 0% used [0x00000000d7380000,0x00000000d7380000,0x00000000d7480000)
 ParOldGen       total 68608K, used 34798K [0x0000000080000000, 0x0000000084300000, 0x00000000d5580000)
  object space 68608K, 50% used [0x0000000080000000,0x00000000821fb920,0x0000000084300000)
 Metaspace       used 45169K, committed 46336K, reserved 1114112K
  class space    used 4901K, committed 5440K, reserved 1048576K
}
Event: 11.185 GC heap before
{Heap before GC invocations=32 (full 2):
 PSYoungGen      total 22528K, used 22528K [0x00000000d5580000, 0x00000000d7480000, 0x0000000100000000)
  eden space 22016K, 100% used [0x00000000d5580000,0x00000000d6b00000,0x00000000d6b00000)
  from space 512K, 100% used [0x00000000d7300000,0x00000000d7380000,0x00000000d7380000)
  to   space 1024K, 0% used [0x00000000d7380000,0x00000000d7380000,0x00000000d7480000)
 ParOldGen       total 68608K, used 34798K [0x0000000080000000, 0x0000000084300000, 0x00000000d5580000)
  object space 68608K, 50% used [0x0000000080000000,0x00000000821fb920,0x0000000084300000)
 Metaspace       used 45733K, committed 46976K, reserved 1114112K
  class space    used 4950K, committed 5504K, reserved 1048576K
}
Event: 11.188 GC heap after
{Heap after GC invocations=32 (full 2):
 PSYoungGen      total 23040K, used 928K [0x00000000d5580000, 0x00000000d7480000, 0x0000000100000000)
  eden space 22016K, 0% used [0x00000000d5580000,0x00000000d5580000,0x00000000d6b00000)
  from space 1024K, 90% used [0x00000000d7380000,0x00000000d7468000,0x00000000d7480000)
  to   space 1024K, 0% used [0x00000000d7280000,0x00000000d7280000,0x00000000d7380000)
 ParOldGen       total 68608K, used 35161K [0x0000000080000000, 0x0000000084300000, 0x00000000d5580000)
  object space 68608K, 51% used [0x0000000080000000,0x00000000822565a0,0x0000000084300000)
 Metaspace       used 45733K, committed 46976K, reserved 1114112K
  class space    used 4950K, committed 5504K, reserved 1048576K
}
Event: 11.468 GC heap before
{Heap before GC invocations=33 (full 2):
 PSYoungGen      total 23040K, used 22944K [0x00000000d5580000, 0x00000000d7480000, 0x0000000100000000)
  eden space 22016K, 100% used [0x00000000d5580000,0x00000000d6b00000,0x00000000d6b00000)
  from space 1024K, 90% used [0x00000000d7380000,0x00000000d7468000,0x00000000d7480000)
  to   space 1024K, 0% used [0x00000000d7280000,0x00000000d7280000,0x00000000d7380000)
 ParOldGen       total 68608K, used 35161K [0x0000000080000000, 0x0000000084300000, 0x00000000d5580000)
  object space 68608K, 51% used [0x0000000080000000,0x00000000822565a0,0x0000000084300000)
 Metaspace       used 46032K, committed 47232K, reserved 1114112K
  class space    used 4976K, committed 5504K, reserved 1048576K
}
Event: 11.471 GC heap after
{Heap after GC invocations=33 (full 2):
 PSYoungGen      total 23040K, used 864K [0x00000000d5580000, 0x00000000d7400000, 0x0000000100000000)
  eden space 22016K, 0% used [0x00000000d5580000,0x00000000d5580000,0x00000000d6b00000)
  from space 1024K, 84% used [0x00000000d7280000,0x00000000d7358000,0x00000000d7380000)
  to   space 512K, 0% used [0x00000000d7380000,0x00000000d7380000,0x00000000d7400000)
 ParOldGen       total 68608K, used 35991K [0x0000000080000000, 0x0000000084300000, 0x00000000d5580000)
  object space 68608K, 52% used [0x0000000080000000,0x0000000082325d28,0x0000000084300000)
 Metaspace       used 46032K, committed 47232K, reserved 1114112K
  class space    used 4976K, committed 5504K, reserved 1048576K
}
Event: 11.698 GC heap before
{Heap before GC invocations=34 (full 2):
 PSYoungGen      total 23040K, used 22880K [0x00000000d5580000, 0x00000000d7400000, 0x0000000100000000)
  eden space 22016K, 100% used [0x00000000d5580000,0x00000000d6b00000,0x00000000d6b00000)
  from space 1024K, 84% used [0x00000000d7280000,0x00000000d7358000,0x00000000d7380000)
  to   space 512K, 0% used [0x00000000d7380000,0x00000000d7380000,0x00000000d7400000)
 ParOldGen       total 68608K, used 35991K [0x0000000080000000, 0x0000000084300000, 0x00000000d5580000)
  object space 68608K, 52% used [0x0000000080000000,0x0000000082325d28,0x0000000084300000)
 Metaspace       used 47792K, committed 49024K, reserved 1114112K
  class space    used 5187K, committed 5760K, reserved 1048576K
}
Event: 11.701 GC heap after
{Heap after GC invocations=34 (full 2):
 PSYoungGen      total 22528K, used 483K [0x00000000d5580000, 0x00000000d7400000, 0x0000000100000000)
  eden space 22016K, 0% used [0x00000000d5580000,0x00000000d5580000,0x00000000d6b00000)
  from space 512K, 94% used [0x00000000d7380000,0x00000000d73f8e78,0x00000000d7400000)
  to   space 2048K, 0% used [0x00000000d7000000,0x00000000d7000000,0x00000000d7200000)
 ParOldGen       total 68608K, used 37045K [0x0000000080000000, 0x0000000084300000, 0x00000000d5580000)
  object space 68608K, 53% used [0x0000000080000000,0x000000008242d598,0x0000000084300000)
 Metaspace       used 47792K, committed 49024K, reserved 1114112K
  class space    used 5187K, committed 5760K, reserved 1048576K
}
Event: 12.368 GC heap before
{Heap before GC invocations=35 (full 2):
 PSYoungGen      total 22528K, used 22499K [0x00000000d5580000, 0x00000000d7400000, 0x0000000100000000)
  eden space 22016K, 100% used [0x00000000d5580000,0x00000000d6b00000,0x00000000d6b00000)
  from space 512K, 94% used [0x00000000d7380000,0x00000000d73f8e78,0x00000000d7400000)
  to   space 2048K, 0% used [0x00000000d7000000,0x00000000d7000000,0x00000000d7200000)
 ParOldGen       total 68608K, used 37045K [0x0000000080000000, 0x0000000084300000, 0x00000000d5580000)
  object space 68608K, 53% used [0x0000000080000000,0x000000008242d598,0x0000000084300000)
 Metaspace       used 49000K, committed 50240K, reserved 1114112K
  class space    used 5338K, committed 5888K, reserved 1048576K
}
Event: 12.370 GC heap after
{Heap after GC invocations=35 (full 2):
 PSYoungGen      total 24064K, used 816K [0x00000000d5580000, 0x00000000d7400000, 0x0000000100000000)
  eden space 22016K, 0% used [0x00000000d5580000,0x00000000d5580000,0x00000000d6b00000)
  from space 2048K, 39% used [0x00000000d7000000,0x00000000d70cc190,0x00000000d7200000)
  to   space 1536K, 0% used [0x00000000d7280000,0x00000000d7280000,0x00000000d7400000)
 ParOldGen       total 68608K, used 37459K [0x0000000080000000, 0x0000000084300000, 0x00000000d5580000)
  object space 68608K, 54% used [0x0000000080000000,0x0000000082494d70,0x0000000084300000)
 Metaspace       used 49000K, committed 50240K, reserved 1114112K
  class space    used 5338K, committed 5888K, reserved 1048576K
}
Event: 12.782 GC heap before
{Heap before GC invocations=36 (full 2):
 PSYoungGen      total 24064K, used 22780K [0x00000000d5580000, 0x00000000d7400000, 0x0000000100000000)
  eden space 22016K, 99% used [0x00000000d5580000,0x00000000d6af2fd8,0x00000000d6b00000)
  from space 2048K, 39% used [0x00000000d7000000,0x00000000d70cc190,0x00000000d7200000)
  to   space 1536K, 0% used [0x00000000d7280000,0x00000000d7280000,0x00000000d7400000)
 ParOldGen       total 68608K, used 37459K [0x0000000080000000, 0x0000000084300000, 0x00000000d5580000)
  object space 68608K, 54% used [0x0000000080000000,0x0000000082494d70,0x0000000084300000)
 Metaspace       used 50446K, committed 51648K, reserved 1114112K
  class space    used 5572K, committed 6144K, reserved 1048576K
}
Event: 12.789 GC heap after
{Heap after GC invocations=36 (full 2):
 PSYoungGen      total 23552K, used 1523K [0x00000000d5580000, 0x00000000d7400000, 0x0000000100000000)
  eden space 22016K, 0% used [0x00000000d5580000,0x00000000d5580000,0x00000000d6b00000)
  from space 1536K, 99% used [0x00000000d7280000,0x00000000d73fcf40,0x00000000d7400000)
  to   space 2048K, 0% used [0x00000000d7000000,0x00000000d7000000,0x00000000d7200000)
 ParOldGen       total 68608K, used 44617K [0x0000000080000000, 0x0000000084300000, 0x00000000d5580000)
  object space 68608K, 65% used [0x0000000080000000,0x0000000082b924f8,0x0000000084300000)
 Metaspace       used 50446K, committed 51648K, reserved 1114112K
  class space    used 5572K, committed 6144K, reserved 1048576K
}
Event: 13.295 GC heap before
{Heap before GC invocations=37 (full 2):
 PSYoungGen      total 23552K, used 23539K [0x00000000d5580000, 0x00000000d7400000, 0x0000000100000000)
  eden space 22016K, 100% used [0x00000000d5580000,0x00000000d6b00000,0x00000000d6b00000)
  from space 1536K, 99% used [0x00000000d7280000,0x00000000d73fcf40,0x00000000d7400000)
  to   space 2048K, 0% used [0x00000000d7000000,0x00000000d7000000,0x00000000d7200000)
 ParOldGen       total 68608K, used 44617K [0x0000000080000000, 0x0000000084300000, 0x00000000d5580000)
  object space 68608K, 65% used [0x0000000080000000,0x0000000082b924f8,0x0000000084300000)
 Metaspace       used 52181K, committed 53440K, reserved 1114112K
  class space    used 5887K, committed 6464K, reserved 1048576K
}
Event: 13.298 GC heap after
{Heap after GC invocations=37 (full 2):
 PSYoungGen      total 23552K, used 1199K [0x00000000d5580000, 0x00000000d7300000, 0x0000000100000000)
  eden space 22016K, 0% used [0x00000000d5580000,0x00000000d5580000,0x00000000d6b00000)
  from space 1536K, 78% used [0x00000000d7000000,0x00000000d712bf48,0x00000000d7180000)
  to   space 1536K, 0% used [0x00000000d7180000,0x00000000d7180000,0x00000000d7300000)
 ParOldGen       total 68608K, used 46109K [0x0000000080000000, 0x0000000084300000, 0x00000000d5580000)
  object space 68608K, 67% used [0x0000000080000000,0x0000000082d07540,0x0000000084300000)
 Metaspace       used 52181K, committed 53440K, reserved 1114112K
  class space    used 5887K, committed 6464K, reserved 1048576K
}
Event: 13.632 GC heap before
{Heap before GC invocations=38 (full 2):
 PSYoungGen      total 23552K, used 23215K [0x00000000d5580000, 0x00000000d7300000, 0x0000000100000000)
  eden space 22016K, 100% used [0x00000000d5580000,0x00000000d6b00000,0x00000000d6b00000)
  from space 1536K, 78% used [0x00000000d7000000,0x00000000d712bf48,0x00000000d7180000)
  to   space 1536K, 0% used [0x00000000d7180000,0x00000000d7180000,0x00000000d7300000)
 ParOldGen       total 68608K, used 46109K [0x0000000080000000, 0x0000000084300000, 0x00000000d5580000)
  object space 68608K, 67% used [0x0000000080000000,0x0000000082d07540,0x0000000084300000)
 Metaspace       used 52756K, committed 54016K, reserved 1114112K
  class space    used 5963K, committed 6528K, reserved 1048576K
}
Event: 13.635 GC heap after
{Heap after GC invocations=38 (full 2):
 PSYoungGen      total 23040K, used 608K [0x00000000d5580000, 0x00000000d7280000, 0x0000000100000000)
  eden space 22016K, 0% used [0x00000000d5580000,0x00000000d5580000,0x00000000d6b00000)
  from space 1024K, 59% used [0x00000000d7180000,0x00000000d7218000,0x00000000d7280000)
  to   space 1536K, 0% used [0x00000000d6f80000,0x00000000d6f80000,0x00000000d7100000)
 ParOldGen       total 68608K, used 47164K [0x0000000080000000, 0x0000000084300000, 0x00000000d5580000)
  object space 68608K, 68% used [0x0000000080000000,0x0000000082e0f3f0,0x0000000084300000)
 Metaspace       used 52756K, committed 54016K, reserved 1114112K
  class space    used 5963K, committed 6528K, reserved 1048576K
}
Event: 14.037 GC heap before
{Heap before GC invocations=39 (full 2):
 PSYoungGen      total 23040K, used 22624K [0x00000000d5580000, 0x00000000d7280000, 0x0000000100000000)
  eden space 22016K, 100% used [0x00000000d5580000,0x00000000d6b00000,0x00000000d6b00000)
  from space 1024K, 59% used [0x00000000d7180000,0x00000000d7218000,0x00000000d7280000)
  to   space 1536K, 0% used [0x00000000d6f80000,0x00000000d6f80000,0x00000000d7100000)
 ParOldGen       total 68608K, used 47164K [0x0000000080000000, 0x0000000084300000, 0x00000000d5580000)
  object space 68608K, 68% used [0x0000000080000000,0x0000000082e0f3f0,0x0000000084300000)
 Metaspace       used 52761K, committed 54016K, reserved 1114112K
  class space    used 5963K, committed 6528K, reserved 1048576K
}
Event: 14.039 GC heap after
{Heap after GC invocations=39 (full 2):
 PSYoungGen      total 23552K, used 672K [0x00000000d5580000, 0x00000000d7200000, 0x0000000100000000)
  eden space 22016K, 0% used [0x00000000d5580000,0x00000000d5580000,0x00000000d6b00000)
  from space 1536K, 43% used [0x00000000d6f80000,0x00000000d7028000,0x00000000d7100000)
  to   space 1024K, 0% used [0x00000000d7100000,0x00000000d7100000,0x00000000d7200000)
 ParOldGen       total 68608K, used 47660K [0x0000000080000000, 0x0000000084300000, 0x00000000d5580000)
  object space 68608K, 69% used [0x0000000080000000,0x0000000082e8b0a8,0x0000000084300000)
 Metaspace       used 52761K, committed 54016K, reserved 1114112K
  class space    used 5963K, committed 6528K, reserved 1048576K
}
Event: 14.302 GC heap before
{Heap before GC invocations=40 (full 2):
 PSYoungGen      total 23552K, used 22688K [0x00000000d5580000, 0x00000000d7200000, 0x0000000100000000)
  eden space 22016K, 100% used [0x00000000d5580000,0x00000000d6b00000,0x00000000d6b00000)
  from space 1536K, 43% used [0x00000000d6f80000,0x00000000d7028000,0x00000000d7100000)
  to   space 1024K, 0% used [0x00000000d7100000,0x00000000d7100000,0x00000000d7200000)
 ParOldGen       total 68608K, used 47660K [0x0000000080000000, 0x0000000084300000, 0x00000000d5580000)
  object space 68608K, 69% used [0x0000000080000000,0x0000000082e8b0a8,0x0000000084300000)
 Metaspace       used 52907K, committed 54144K, reserved 1114112K
  class space    used 5991K, committed 6528K, reserved 1048576K
}
Event: 14.305 GC heap after
{Heap after GC invocations=40 (full 2):
 PSYoungGen      total 23040K, used 1019K [0x00000000d5580000, 0x00000000d7200000, 0x0000000100000000)
  eden space 22016K, 0% used [0x00000000d5580000,0x00000000d5580000,0x00000000d6b00000)
  from space 1024K, 99% used [0x00000000d7100000,0x00000000d71fec30,0x00000000d7200000)
  to   space 1536K, 0% used [0x00000000d6f80000,0x00000000d6f80000,0x00000000d7100000)
 ParOldGen       total 68608K, used 51277K [0x0000000080000000, 0x0000000084300000, 0x00000000d5580000)
  object space 68608K, 74% used [0x0000000080000000,0x0000000083213688,0x0000000084300000)
 Metaspace       used 52907K, committed 54144K, reserved 1114112K
  class space    used 5991K, committed 6528K, reserved 1048576K
}

