# JRE version: OpenJDK Runtime Environment Temurin-21.0.8+9 (21.0.8+9) (build 21.0.8+9-LTS)
# Java VM: OpenJDK 64-Bit Server VM Temurin-21.0.8+9 (21.0.8+9-LTS, mixed mode, sharing, tiered, compressed oops, compressed class ptrs, parallel gc, windows-amd64)
GC Precious Log:
 CardTable entry size: 512
 CPUs: 8 total, 8 available
 Memory: 16227M
 Large Page Support: Disabled
 NUMA Support: Disabled
 Compressed Oops: Enabled (32-bit)
 Alignments: Space 512K, Generation 512K, Heap 2M
 Heap Min Capacity: 100M
 Heap Initial Capacity: 100M
 Heap Max Capacity: 2G
 Pre-touch: Disabled
 Parallel Workers: 8
Heap:
 PSYoungGen      total 16384K, used 6265K [0x00000000d5580000, 0x00000000d6a80000, 0x0000000100000000)
  eden space 14848K, 32% used [0x00000000d5580000,0x00000000d5a250a8,0x00000000d6400000)
  from space 1536K, 98% used [0x00000000d6900000,0x00000000d6a79740,0x00000000d6a80000)
  to   space 2048K, 0% used [0x00000000d6680000,0x00000000d6680000,0x00000000d6880000)
 ParOldGen       total 96768K, used 96582K [0x0000000080000000, 0x0000000085e80000, 0x00000000d5580000)
  object space 96768K, 99% used [0x0000000080000000,0x0000000085e51be0,0x0000000085e80000)
 Metaspace       used 57473K, committed 58816K, reserved 1114112K
  class space    used 6755K, committed 7296K, reserved 1048576K
GC Heap History (20 events):
Event: 11.132 GC heap before
{Heap before GC invocations=38 (full 2):
 PSYoungGen      total 15360K, used 15040K [0x00000000d5580000, 0x00000000d7000000, 0x0000000100000000)
  eden space 14848K, 100% used [0x00000000d5580000,0x00000000d6400000,0x00000000d6400000)
  from space 512K, 37% used [0x00000000d6f00000,0x00000000d6f30000,0x00000000d6f80000)
  to   space 512K, 0% used [0x00000000d6f80000,0x00000000d6f80000,0x00000000d7000000)
 ParOldGen       total 72704K, used 72613K [0x0000000080000000, 0x0000000084700000, 0x00000000d5580000)
  object space 72704K, 99% used [0x0000000080000000,0x00000000846e9638,0x0000000084700000)
 Metaspace       used 54755K, committed 56000K, reserved 1114112K
  class space    used 6474K, committed 7040K, reserved 1048576K
}
Event: 11.133 GC heap after
{Heap after GC invocations=38 (full 2):
 PSYoungGen      total 15360K, used 160K [0x00000000d5580000, 0x00000000d7000000, 0x0000000100000000)
  eden space 14848K, 0% used [0x00000000d5580000,0x00000000d5580000,0x00000000d6400000)
  from space 512K, 31% used [0x00000000d6f80000,0x00000000d6fa8000,0x00000000d7000000)
  to   space 512K, 0% used [0x00000000d6f00000,0x00000000d6f00000,0x00000000d6f80000)
 ParOldGen       total 72704K, used 72653K [0x0000000080000000, 0x0000000084700000, 0x00000000d5580000)
  object space 72704K, 99% used [0x0000000080000000,0x00000000846f3638,0x0000000084700000)
 Metaspace       used 54755K, committed 56000K, reserved 1114112K
  class space    used 6474K, committed 7040K, reserved 1048576K
}
Event: 11.280 GC heap before
{Heap before GC invocations=39 (full 2):
 PSYoungGen      total 15360K, used 15008K [0x00000000d5580000, 0x00000000d7000000, 0x0000000100000000)
  eden space 14848K, 100% used [0x00000000d5580000,0x00000000d6400000,0x00000000d6400000)
  from space 512K, 31% used [0x00000000d6f80000,0x00000000d6fa8000,0x00000000d7000000)
  to   space 512K, 0% used [0x00000000d6f00000,0x00000000d6f00000,0x00000000d6f80000)
 ParOldGen       total 72704K, used 72653K [0x0000000080000000, 0x0000000084700000, 0x00000000d5580000)
  object space 72704K, 99% used [0x0000000080000000,0x00000000846f3638,0x0000000084700000)
 Metaspace       used 55288K, committed 56640K, reserved 1114112K
  class space    used 6532K, committed 7104K, reserved 1048576K
}
Event: 11.284 GC heap after
{Heap after GC invocations=39 (full 2):
 PSYoungGen      total 15360K, used 487K [0x00000000d5580000, 0x00000000d7500000, 0x0000000100000000)
  eden space 14848K, 0% used [0x00000000d5580000,0x00000000d5580000,0x00000000d6400000)
  from space 512K, 95% used [0x00000000d6f00000,0x00000000d6f79e00,0x00000000d6f80000)
  to   space 5632K, 0% used [0x00000000d6f80000,0x00000000d6f80000,0x00000000d7500000)
 ParOldGen       total 79872K, used 79478K [0x0000000080000000, 0x0000000084e00000, 0x00000000d5580000)
  object space 79872K, 99% used [0x0000000080000000,0x0000000084d9d998,0x0000000084e00000)
 Metaspace       used 55288K, committed 56640K, reserved 1114112K
  class space    used 6532K, committed 7104K, reserved 1048576K
}
Event: 11.538 GC heap before
{Heap before GC invocations=40 (full 2):
 PSYoungGen      total 15360K, used 15335K [0x00000000d5580000, 0x00000000d7500000, 0x0000000100000000)
  eden space 14848K, 100% used [0x00000000d5580000,0x00000000d6400000,0x00000000d6400000)
  from space 512K, 95% used [0x00000000d6f00000,0x00000000d6f79e00,0x00000000d6f80000)
  to   space 5632K, 0% used [0x00000000d6f80000,0x00000000d6f80000,0x00000000d7500000)
 ParOldGen       total 79872K, used 79478K [0x0000000080000000, 0x0000000084e00000, 0x00000000d5580000)
  object space 79872K, 99% used [0x0000000080000000,0x0000000084d9d998,0x0000000084e00000)
 Metaspace       used 56307K, committed 57664K, reserved 1114112K
  class space    used 6632K, committed 7232K, reserved 1048576K
}
Event: 11.544 GC heap after
{Heap after GC invocations=40 (full 2):
 PSYoungGen      total 20480K, used 5552K [0x00000000d5580000, 0x00000000d7500000, 0x0000000100000000)
  eden space 14848K, 0% used [0x00000000d5580000,0x00000000d5580000,0x00000000d6400000)
  from space 5632K, 98% used [0x00000000d6f80000,0x00000000d74ec010,0x00000000d7500000)
  to   space 6144K, 0% used [0x00000000d6900000,0x00000000d6900000,0x00000000d6f00000)
 ParOldGen       total 79872K, used 79784K [0x0000000080000000, 0x0000000084e00000, 0x00000000d5580000)
  object space 79872K, 99% used [0x0000000080000000,0x0000000084dea268,0x0000000084e00000)
 Metaspace       used 56307K, committed 57664K, reserved 1114112K
  class space    used 6632K, committed 7232K, reserved 1048576K
}
Event: 11.679 GC heap before
{Heap before GC invocations=41 (full 2):
 PSYoungGen      total 20480K, used 20400K [0x00000000d5580000, 0x00000000d7500000, 0x0000000100000000)
  eden space 14848K, 100% used [0x00000000d5580000,0x00000000d6400000,0x00000000d6400000)
  from space 5632K, 98% used [0x00000000d6f80000,0x00000000d74ec010,0x00000000d7500000)
  to   space 6144K, 0% used [0x00000000d6900000,0x00000000d6900000,0x00000000d6f00000)
 ParOldGen       total 79872K, used 79784K [0x0000000080000000, 0x0000000084e00000, 0x00000000d5580000)
  object space 79872K, 99% used [0x0000000080000000,0x0000000084dea268,0x0000000084e00000)
 Metaspace       used 56523K, committed 57856K, reserved 1114112K
  class space    used 6644K, committed 7232K, reserved 1048576K
}
Event: 11.683 GC heap after
{Heap after GC invocations=41 (full 2):
 PSYoungGen      total 16896K, used 1760K [0x00000000d5580000, 0x00000000d7000000, 0x0000000100000000)
  eden space 14848K, 0% used [0x00000000d5580000,0x00000000d5580000,0x00000000d6400000)
  from space 2048K, 85% used [0x00000000d6900000,0x00000000d6ab8030,0x00000000d6b00000)
  to   space 3584K, 0% used [0x00000000d6c80000,0x00000000d6c80000,0x00000000d7000000)
 ParOldGen       total 85504K, used 85278K [0x0000000080000000, 0x0000000085380000, 0x00000000d5580000)
  object space 85504K, 99% used [0x0000000080000000,0x00000000853478c0,0x0000000085380000)
 Metaspace       used 56523K, committed 57856K, reserved 1114112K
  class space    used 6644K, committed 7232K, reserved 1048576K
}
Event: 11.786 GC heap before
{Heap before GC invocations=42 (full 2):
 PSYoungGen      total 16896K, used 16608K [0x00000000d5580000, 0x00000000d7000000, 0x0000000100000000)
  eden space 14848K, 100% used [0x00000000d5580000,0x00000000d6400000,0x00000000d6400000)
  from space 2048K, 85% used [0x00000000d6900000,0x00000000d6ab8030,0x00000000d6b00000)
  to   space 3584K, 0% used [0x00000000d6c80000,0x00000000d6c80000,0x00000000d7000000)
 ParOldGen       total 85504K, used 85278K [0x0000000080000000, 0x0000000085380000, 0x00000000d5580000)
  object space 85504K, 99% used [0x0000000080000000,0x00000000853478c0,0x0000000085380000)
 Metaspace       used 56898K, committed 58176K, reserved 1114112K
  class space    used 6705K, committed 7296K, reserved 1048576K
}
Event: 11.790 GC heap after
{Heap after GC invocations=42 (full 2):
 PSYoungGen      total 16896K, used 1777K [0x00000000d5580000, 0x00000000d6e80000, 0x0000000100000000)
  eden space 14848K, 0% used [0x00000000d5580000,0x00000000d5580000,0x00000000d6400000)
  from space 2048K, 86% used [0x00000000d6c80000,0x00000000d6e3c410,0x00000000d6e80000)
  to   space 2048K, 0% used [0x00000000d6900000,0x00000000d6900000,0x00000000d6b00000)
 ParOldGen       total 87040K, used 86870K [0x0000000080000000, 0x0000000085500000, 0x00000000d5580000)
  object space 87040K, 99% used [0x0000000080000000,0x00000000854d58f0,0x0000000085500000)
 Metaspace       used 56898K, committed 58176K, reserved 1114112K
  class space    used 6705K, committed 7296K, reserved 1048576K
}
Event: 11.846 GC heap before
{Heap before GC invocations=43 (full 2):
 PSYoungGen      total 16896K, used 16625K [0x00000000d5580000, 0x00000000d6e80000, 0x0000000100000000)
  eden space 14848K, 100% used [0x00000000d5580000,0x00000000d6400000,0x00000000d6400000)
  from space 2048K, 86% used [0x00000000d6c80000,0x00000000d6e3c410,0x00000000d6e80000)
  to   space 2048K, 0% used [0x00000000d6900000,0x00000000d6900000,0x00000000d6b00000)
 ParOldGen       total 87040K, used 86870K [0x0000000080000000, 0x0000000085500000, 0x00000000d5580000)
  object space 87040K, 99% used [0x0000000080000000,0x00000000854d58f0,0x0000000085500000)
 Metaspace       used 56924K, committed 58240K, reserved 1114112K
  class space    used 6705K, committed 7296K, reserved 1048576K
}
Event: 11.850 GC heap after
{Heap after GC invocations=43 (full 2):
 PSYoungGen      total 16896K, used 1760K [0x00000000d5580000, 0x00000000d6d00000, 0x0000000100000000)
  eden space 14848K, 0% used [0x00000000d5580000,0x00000000d5580000,0x00000000d6400000)
  from space 2048K, 85% used [0x00000000d6900000,0x00000000d6ab8010,0x00000000d6b00000)
  to   space 2048K, 0% used [0x00000000d6b00000,0x00000000d6b00000,0x00000000d6d00000)
 ParOldGen       total 88576K, used 88554K [0x0000000080000000, 0x0000000085680000, 0x00000000d5580000)
  object space 88576K, 99% used [0x0000000080000000,0x000000008567a9e8,0x0000000085680000)
 Metaspace       used 56924K, committed 58240K, reserved 1114112K
  class space    used 6705K, committed 7296K, reserved 1048576K
}
Event: 11.920 GC heap before
{Heap before GC invocations=44 (full 2):
 PSYoungGen      total 16896K, used 16608K [0x00000000d5580000, 0x00000000d6d00000, 0x0000000100000000)
  eden space 14848K, 100% used [0x00000000d5580000,0x00000000d6400000,0x00000000d6400000)
  from space 2048K, 85% used [0x00000000d6900000,0x00000000d6ab8010,0x00000000d6b00000)
  to   space 2048K, 0% used [0x00000000d6b00000,0x00000000d6b00000,0x00000000d6d00000)
 ParOldGen       total 88576K, used 88554K [0x0000000080000000, 0x0000000085680000, 0x00000000d5580000)
  object space 88576K, 99% used [0x0000000080000000,0x000000008567a9e8,0x0000000085680000)
 Metaspace       used 56938K, committed 58240K, reserved 1114112K
  class space    used 6705K, committed 7296K, reserved 1048576K
}
Event: 11.924 GC heap after
{Heap after GC invocations=44 (full 2):
 PSYoungGen      total 16896K, used 1794K [0x00000000d5580000, 0x00000000d6d00000, 0x0000000100000000)
  eden space 14848K, 0% used [0x00000000d5580000,0x00000000d5580000,0x00000000d6400000)
  from space 2048K, 87% used [0x00000000d6b00000,0x00000000d6cc0800,0x00000000d6d00000)
  to   space 2048K, 0% used [0x00000000d6900000,0x00000000d6900000,0x00000000d6b00000)
 ParOldGen       total 90624K, used 90226K [0x0000000080000000, 0x0000000085880000, 0x00000000d5580000)
  object space 90624K, 99% used [0x0000000080000000,0x000000008581c9f8,0x0000000085880000)
 Metaspace       used 56938K, committed 58240K, reserved 1114112K
  class space    used 6705K, committed 7296K, reserved 1048576K
}
Event: 11.981 GC heap before
{Heap before GC invocations=45 (full 2):
 PSYoungGen      total 16896K, used 16642K [0x00000000d5580000, 0x00000000d6d00000, 0x0000000100000000)
  eden space 14848K, 100% used [0x00000000d5580000,0x00000000d6400000,0x00000000d6400000)
  from space 2048K, 87% used [0x00000000d6b00000,0x00000000d6cc0800,0x00000000d6d00000)
  to   space 2048K, 0% used [0x00000000d6900000,0x00000000d6900000,0x00000000d6b00000)
 ParOldGen       total 90624K, used 90226K [0x0000000080000000, 0x0000000085880000, 0x00000000d5580000)
  object space 90624K, 99% used [0x0000000080000000,0x000000008581c9f8,0x0000000085880000)
 Metaspace       used 56944K, committed 58240K, reserved 1114112K
  class space    used 6705K, committed 7296K, reserved 1048576K
}
Event: 11.985 GC heap after
{Heap after GC invocations=45 (full 2):
 PSYoungGen      total 16896K, used 1828K [0x00000000d5580000, 0x00000000d6b80000, 0x0000000100000000)
  eden space 14848K, 0% used [0x00000000d5580000,0x00000000d5580000,0x00000000d6400000)
  from space 2048K, 89% used [0x00000000d6900000,0x00000000d6ac9000,0x00000000d6b00000)
  to   space 512K, 0% used [0x00000000d6b00000,0x00000000d6b00000,0x00000000d6b80000)
 ParOldGen       total 92160K, used 91768K [0x0000000080000000, 0x0000000085a00000, 0x00000000d5580000)
  object space 92160K, 99% used [0x0000000080000000,0x000000008599e3a8,0x0000000085a00000)
 Metaspace       used 56944K, committed 58240K, reserved 1114112K
  class space    used 6705K, committed 7296K, reserved 1048576K
}
Event: 12.055 GC heap before
{Heap before GC invocations=46 (full 2):
 PSYoungGen      total 16896K, used 16676K [0x00000000d5580000, 0x00000000d6b80000, 0x0000000100000000)
  eden space 14848K, 100% used [0x00000000d5580000,0x00000000d6400000,0x00000000d6400000)
  from space 2048K, 89% used [0x00000000d6900000,0x00000000d6ac9000,0x00000000d6b00000)
  to   space 512K, 0% used [0x00000000d6b00000,0x00000000d6b00000,0x00000000d6b80000)
 ParOldGen       total 92160K, used 91768K [0x0000000080000000, 0x0000000085a00000, 0x00000000d5580000)
  object space 92160K, 99% used [0x0000000080000000,0x000000008599e3a8,0x0000000085a00000)
 Metaspace       used 56965K, committed 58304K, reserved 1114112K
  class space    used 6705K, committed 7296K, reserved 1048576K
}
Event: 12.059 GC heap after
{Heap after GC invocations=46 (full 2):
 PSYoungGen      total 15360K, used 512K [0x00000000d5580000, 0x00000000d6b80000, 0x0000000100000000)
  eden space 14848K, 0% used [0x00000000d5580000,0x00000000d5580000,0x00000000d6400000)
  from space 512K, 100% used [0x00000000d6b00000,0x00000000d6b80000,0x00000000d6b80000)
  to   space 3584K, 0% used [0x00000000d6480000,0x00000000d6480000,0x00000000d6800000)
 ParOldGen       total 94720K, used 94374K [0x0000000080000000, 0x0000000085c80000, 0x00000000d5580000)
  object space 94720K, 99% used [0x0000000080000000,0x0000000085c299d0,0x0000000085c80000)
 Metaspace       used 56965K, committed 58304K, reserved 1114112K
  class space    used 6705K, committed 7296K, reserved 1048576K
}
Event: 12.135 GC heap before
{Heap before GC invocations=47 (full 2):
 PSYoungGen      total 15360K, used 15360K [0x00000000d5580000, 0x00000000d6b80000, 0x0000000100000000)
  eden space 14848K, 100% used [0x00000000d5580000,0x00000000d6400000,0x00000000d6400000)
  from space 512K, 100% used [0x00000000d6b00000,0x00000000d6b80000,0x00000000d6b80000)
  to   space 3584K, 0% used [0x00000000d6480000,0x00000000d6480000,0x00000000d6800000)
 ParOldGen       total 94720K, used 94374K [0x0000000080000000, 0x0000000085c80000, 0x00000000d5580000)
  object space 94720K, 99% used [0x0000000080000000,0x0000000085c299d0,0x0000000085c80000)
 Metaspace       used 56984K, committed 58304K, reserved 1114112K
  class space    used 6705K, committed 7296K, reserved 1048576K
}
Event: 12.138 GC heap after
{Heap after GC invocations=47 (full 2):
 PSYoungGen      total 18432K, used 1752K [0x00000000d5580000, 0x00000000d6b80000, 0x0000000100000000)
  eden space 14848K, 0% used [0x00000000d5580000,0x00000000d5580000,0x00000000d6400000)
  from space 3584K, 48% used [0x00000000d6480000,0x00000000d6636210,0x00000000d6800000)
  to   space 2560K, 0% used [0x00000000d6900000,0x00000000d6900000,0x00000000d6b80000)
 ParOldGen       total 95232K, used 94926K [0x0000000080000000, 0x0000000085d00000, 0x00000000d5580000)
  object space 95232K, 99% used [0x0000000080000000,0x0000000085cb39d0,0x0000000085d00000)
 Metaspace       used 56984K, committed 58304K, reserved 1114112K
  class space    used 6705K, committed 7296K, reserved 1048576K
}

