# JRE version: OpenJDK Runtime Environment Temurin-21.0.8+9 (21.0.8+9) (build 21.0.8+9-LTS)
# Java VM: OpenJDK 64-Bit Server VM Temurin-21.0.8+9 (21.0.8+9-LTS, mixed mode, sharing, tiered, compressed oops, compressed class ptrs, parallel gc, windows-amd64)
GC Precious Log:
 CardTable entry size: 512
 CPUs: 8 total, 8 available
 Memory: 16227M
 Large Page Support: Disabled
 NUMA Support: Disabled
 Compressed Oops: Enabled (32-bit)
 Alignments: Space 512K, Generation 512K, Heap 2M
 Heap Min Capacity: 100M
 Heap Initial Capacity: 100M
 Heap Max Capacity: 2G
 Pre-touch: Disabled
 Parallel Workers: 8
Heap:
 PSYoungGen      total 22016K, used 6834K [0x00000000d5580000, 0x00000000d7180000, 0x0000000100000000)
  eden space 18944K, 20% used [0x00000000d5580000,0x00000000d5949738,0x00000000d6800000)
  from space 3072K, 96% used [0x00000000d6e80000,0x00000000d7163458,0x00000000d7180000)
  to   space 4096K, 0% used [0x00000000d6980000,0x00000000d6980000,0x00000000d6d80000)
 ParOldGen       total 134656K, used 134650K [0x0000000080000000, 0x0000000088380000, 0x00000000d5580000)
  object space 134656K, 99% used [0x0000000080000000,0x000000008837eb68,0x0000000088380000)
 Metaspace       used 73889K, committed 75328K, reserved 1179648K
  class space    used 8281K, committed 8896K, reserved 1048576K
GC Heap History (20 events):
Event: 28.595 GC heap before
{Heap before GC invocations=82 (full 3):
 PSYoungGen      total 23552K, used 23042K [0x00000000d5580000, 0x00000000d7b00000, 0x0000000100000000)
  eden space 22016K, 100% used [0x00000000d5580000,0x00000000d6b00000,0x00000000d6b00000)
  from space 1536K, 66% used [0x00000000d7980000,0x00000000d7a80888,0x00000000d7b00000)
  to   space 2048K, 0% used [0x00000000d7700000,0x00000000d7700000,0x00000000d7900000)
 ParOldGen       total 98304K, used 98229K [0x0000000080000000, 0x0000000086000000, 0x00000000d5580000)
  object space 98304K, 99% used [0x0000000080000000,0x0000000085fed480,0x0000000086000000)
 Metaspace       used 68771K, committed 70016K, reserved 1114112K
  class space    used 7950K, committed 8448K, reserved 1048576K
}
Event: 28.598 GC heap after
{Heap after GC invocations=82 (full 3):
 PSYoungGen      total 23552K, used 1472K [0x00000000d5580000, 0x00000000d7a00000, 0x0000000100000000)
  eden space 22016K, 0% used [0x00000000d5580000,0x00000000d5580000,0x00000000d6b00000)
  from space 1536K, 95% used [0x00000000d7700000,0x00000000d7870040,0x00000000d7880000)
  to   space 1536K, 0% used [0x00000000d7880000,0x00000000d7880000,0x00000000d7a00000)
 ParOldGen       total 99328K, used 99071K [0x0000000080000000, 0x0000000086100000, 0x00000000d5580000)
  object space 99328K, 99% used [0x0000000080000000,0x00000000860bff00,0x0000000086100000)
 Metaspace       used 68771K, committed 70016K, reserved 1114112K
  class space    used 7950K, committed 8448K, reserved 1048576K
}
Event: 29.377 GC heap before
{Heap before GC invocations=83 (full 3):
 PSYoungGen      total 23552K, used 23488K [0x00000000d5580000, 0x00000000d7a00000, 0x0000000100000000)
  eden space 22016K, 100% used [0x00000000d5580000,0x00000000d6b00000,0x00000000d6b00000)
  from space 1536K, 95% used [0x00000000d7700000,0x00000000d7870040,0x00000000d7880000)
  to   space 1536K, 0% used [0x00000000d7880000,0x00000000d7880000,0x00000000d7a00000)
 ParOldGen       total 99328K, used 99071K [0x0000000080000000, 0x0000000086100000, 0x00000000d5580000)
  object space 99328K, 99% used [0x0000000080000000,0x00000000860bff00,0x0000000086100000)
 Metaspace       used 69541K, committed 70912K, reserved 1114112K
  class space    used 8005K, committed 8576K, reserved 1048576K
}
Event: 29.383 GC heap after
{Heap after GC invocations=83 (full 3):
 PSYoungGen      total 23552K, used 1509K [0x00000000d5580000, 0x00000000d7b00000, 0x0000000100000000)
  eden space 22016K, 0% used [0x00000000d5580000,0x00000000d5580000,0x00000000d6b00000)
  from space 1536K, 98% used [0x00000000d7880000,0x00000000d79f9598,0x00000000d7a00000)
  to   space 8192K, 0% used [0x00000000d6b00000,0x00000000d6b00000,0x00000000d7300000)
 ParOldGen       total 104960K, used 104632K [0x0000000080000000, 0x0000000086680000, 0x00000000d5580000)
  object space 104960K, 99% used [0x0000000080000000,0x000000008662e0c8,0x0000000086680000)
 Metaspace       used 69541K, committed 70912K, reserved 1114112K
  class space    used 8005K, committed 8576K, reserved 1048576K
}
Event: 30.043 GC heap before
{Heap before GC invocations=84 (full 3):
 PSYoungGen      total 23552K, used 23525K [0x00000000d5580000, 0x00000000d7b00000, 0x0000000100000000)
  eden space 22016K, 100% used [0x00000000d5580000,0x00000000d6b00000,0x00000000d6b00000)
  from space 1536K, 98% used [0x00000000d7880000,0x00000000d79f9598,0x00000000d7a00000)
  to   space 8192K, 0% used [0x00000000d6b00000,0x00000000d6b00000,0x00000000d7300000)
 ParOldGen       total 104960K, used 104632K [0x0000000080000000, 0x0000000086680000, 0x00000000d5580000)
  object space 104960K, 99% used [0x0000000080000000,0x000000008662e0c8,0x0000000086680000)
 Metaspace       used 71050K, committed 72448K, reserved 1114112K
  class space    used 8149K, committed 8768K, reserved 1048576K
}
Event: 30.050 GC heap after
{Heap after GC invocations=84 (full 3):
 PSYoungGen      total 30208K, used 3502K [0x00000000d5580000, 0x00000000d7900000, 0x0000000100000000)
  eden space 22016K, 0% used [0x00000000d5580000,0x00000000d5580000,0x00000000d6b00000)
  from space 8192K, 42% used [0x00000000d6b00000,0x00000000d6e6ba90,0x00000000d7300000)
  to   space 5120K, 0% used [0x00000000d7400000,0x00000000d7400000,0x00000000d7900000)
 ParOldGen       total 106496K, used 106116K [0x0000000080000000, 0x0000000086800000, 0x00000000d5580000)
  object space 106496K, 99% used [0x0000000080000000,0x00000000867a1048,0x0000000086800000)
 Metaspace       used 71050K, committed 72448K, reserved 1114112K
  class space    used 8149K, committed 8768K, reserved 1048576K
}
Event: 30.564 GC heap before
{Heap before GC invocations=85 (full 3):
 PSYoungGen      total 30208K, used 25518K [0x00000000d5580000, 0x00000000d7900000, 0x0000000100000000)
  eden space 22016K, 100% used [0x00000000d5580000,0x00000000d6b00000,0x00000000d6b00000)
  from space 8192K, 42% used [0x00000000d6b00000,0x00000000d6e6ba90,0x00000000d7300000)
  to   space 5120K, 0% used [0x00000000d7400000,0x00000000d7400000,0x00000000d7900000)
 ParOldGen       total 106496K, used 106116K [0x0000000080000000, 0x0000000086800000, 0x00000000d5580000)
  object space 106496K, 99% used [0x0000000080000000,0x00000000867a1048,0x0000000086800000)
 Metaspace       used 71650K, committed 73024K, reserved 1114112K
  class space    used 8180K, committed 8768K, reserved 1048576K
}
Event: 30.571 GC heap after
{Heap after GC invocations=85 (full 3):
 PSYoungGen      total 26112K, used 3988K [0x00000000d5580000, 0x00000000d7800000, 0x0000000100000000)
  eden space 22016K, 0% used [0x00000000d5580000,0x00000000d5580000,0x00000000d6b00000)
  from space 4096K, 97% used [0x00000000d7400000,0x00000000d77e5188,0x00000000d7800000)
  to   space 4608K, 0% used [0x00000000d6f00000,0x00000000d6f00000,0x00000000d7380000)
 ParOldGen       total 109568K, used 109460K [0x0000000080000000, 0x0000000086b00000, 0x00000000d5580000)
  object space 109568K, 99% used [0x0000000080000000,0x0000000086ae51f0,0x0000000086b00000)
 Metaspace       used 71650K, committed 73024K, reserved 1114112K
  class space    used 8180K, committed 8768K, reserved 1048576K
}
Event: 30.955 GC heap before
{Heap before GC invocations=86 (full 3):
 PSYoungGen      total 26112K, used 26004K [0x00000000d5580000, 0x00000000d7800000, 0x0000000100000000)
  eden space 22016K, 100% used [0x00000000d5580000,0x00000000d6b00000,0x00000000d6b00000)
  from space 4096K, 97% used [0x00000000d7400000,0x00000000d77e5188,0x00000000d7800000)
  to   space 4608K, 0% used [0x00000000d6f00000,0x00000000d6f00000,0x00000000d7380000)
 ParOldGen       total 109568K, used 109460K [0x0000000080000000, 0x0000000086b00000, 0x00000000d5580000)
  object space 109568K, 99% used [0x0000000080000000,0x0000000086ae51f0,0x0000000086b00000)
 Metaspace       used 71964K, committed 73344K, reserved 1114112K
  class space    used 8184K, committed 8768K, reserved 1048576K
}
Event: 30.964 GC heap after
{Heap after GC invocations=86 (full 3):
 PSYoungGen      total 26624K, used 4576K [0x00000000d5580000, 0x00000000d7e00000, 0x0000000100000000)
  eden space 22016K, 0% used [0x00000000d5580000,0x00000000d5580000,0x00000000d6b00000)
  from space 4608K, 99% used [0x00000000d6f00000,0x00000000d7378158,0x00000000d7380000)
  to   space 9728K, 0% used [0x00000000d7480000,0x00000000d7480000,0x00000000d7e00000)
 ParOldGen       total 113664K, used 113572K [0x0000000080000000, 0x0000000086f00000, 0x00000000d5580000)
  object space 113664K, 99% used [0x0000000080000000,0x0000000086ee9380,0x0000000086f00000)
 Metaspace       used 71964K, committed 73344K, reserved 1114112K
  class space    used 8184K, committed 8768K, reserved 1048576K
}
Event: 31.441 GC heap before
{Heap before GC invocations=87 (full 3):
 PSYoungGen      total 26624K, used 26592K [0x00000000d5580000, 0x00000000d7e00000, 0x0000000100000000)
  eden space 22016K, 100% used [0x00000000d5580000,0x00000000d6b00000,0x00000000d6b00000)
  from space 4608K, 99% used [0x00000000d6f00000,0x00000000d7378158,0x00000000d7380000)
  to   space 9728K, 0% used [0x00000000d7480000,0x00000000d7480000,0x00000000d7e00000)
 ParOldGen       total 113664K, used 113572K [0x0000000080000000, 0x0000000086f00000, 0x00000000d5580000)
  object space 113664K, 99% used [0x0000000080000000,0x0000000086ee9380,0x0000000086f00000)
 Metaspace       used 72464K, committed 73856K, reserved 1179648K
  class space    used 8212K, committed 8832K, reserved 1048576K
}
Event: 31.451 GC heap after
{Heap after GC invocations=87 (full 3):
 PSYoungGen      total 27648K, used 5267K [0x00000000d5580000, 0x00000000d7a00000, 0x0000000100000000)
  eden space 22016K, 0% used [0x00000000d5580000,0x00000000d5580000,0x00000000d6b00000)
  from space 5632K, 93% used [0x00000000d7480000,0x00000000d79a4d08,0x00000000d7a00000)
  to   space 6656K, 0% used [0x00000000d6d00000,0x00000000d6d00000,0x00000000d7380000)
 ParOldGen       total 117760K, used 117493K [0x0000000080000000, 0x0000000087300000, 0x00000000d5580000)
  object space 117760K, 99% used [0x0000000080000000,0x00000000872bd5b0,0x0000000087300000)
 Metaspace       used 72464K, committed 73856K, reserved 1179648K
  class space    used 8212K, committed 8832K, reserved 1048576K
}
Event: 31.848 GC heap before
{Heap before GC invocations=88 (full 3):
 PSYoungGen      total 27648K, used 27283K [0x00000000d5580000, 0x00000000d7a00000, 0x0000000100000000)
  eden space 22016K, 100% used [0x00000000d5580000,0x00000000d6b00000,0x00000000d6b00000)
  from space 5632K, 93% used [0x00000000d7480000,0x00000000d79a4d08,0x00000000d7a00000)
  to   space 6656K, 0% used [0x00000000d6d00000,0x00000000d6d00000,0x00000000d7380000)
 ParOldGen       total 117760K, used 117493K [0x0000000080000000, 0x0000000087300000, 0x00000000d5580000)
  object space 117760K, 99% used [0x0000000080000000,0x00000000872bd5b0,0x0000000087300000)
 Metaspace       used 72754K, committed 74176K, reserved 1179648K
  class space    used 8222K, committed 8832K, reserved 1048576K
}
Event: 31.858 GC heap after
{Heap after GC invocations=88 (full 3):
 PSYoungGen      total 26624K, used 4473K [0x00000000d5580000, 0x00000000d7500000, 0x0000000100000000)
  eden space 22016K, 0% used [0x00000000d5580000,0x00000000d5580000,0x00000000d6b00000)
  from space 4608K, 97% used [0x00000000d6d00000,0x00000000d715e568,0x00000000d7180000)
  to   space 3584K, 0% used [0x00000000d7180000,0x00000000d7180000,0x00000000d7500000)
 ParOldGen       total 121856K, used 121756K [0x0000000080000000, 0x0000000087700000, 0x00000000d5580000)
  object space 121856K, 99% used [0x0000000080000000,0x00000000876e7180,0x0000000087700000)
 Metaspace       used 72754K, committed 74176K, reserved 1179648K
  class space    used 8222K, committed 8832K, reserved 1048576K
}
Event: 32.256 GC heap before
{Heap before GC invocations=89 (full 3):
 PSYoungGen      total 26624K, used 26489K [0x00000000d5580000, 0x00000000d7500000, 0x0000000100000000)
  eden space 22016K, 100% used [0x00000000d5580000,0x00000000d6b00000,0x00000000d6b00000)
  from space 4608K, 97% used [0x00000000d6d00000,0x00000000d715e568,0x00000000d7180000)
  to   space 3584K, 0% used [0x00000000d7180000,0x00000000d7180000,0x00000000d7500000)
 ParOldGen       total 121856K, used 121756K [0x0000000080000000, 0x0000000087700000, 0x00000000d5580000)
  object space 121856K, 99% used [0x0000000080000000,0x00000000876e7180,0x0000000087700000)
 Metaspace       used 73088K, committed 74496K, reserved 1179648K
  class space    used 8226K, committed 8832K, reserved 1048576K
}
Event: 32.264 GC heap after
{Heap after GC invocations=89 (full 3):
 PSYoungGen      total 22528K, used 3563K [0x00000000d5580000, 0x00000000d7e00000, 0x0000000100000000)
  eden space 18944K, 0% used [0x00000000d5580000,0x00000000d5580000,0x00000000d6800000)
  from space 3584K, 99% used [0x00000000d7180000,0x00000000d74faf78,0x00000000d7500000)
  to   space 9728K, 0% used [0x00000000d6800000,0x00000000d6800000,0x00000000d7180000)
 ParOldGen       total 127488K, used 127052K [0x0000000080000000, 0x0000000087c80000, 0x00000000d5580000)
  object space 127488K, 99% used [0x0000000080000000,0x0000000087c130a0,0x0000000087c80000)
 Metaspace       used 73088K, committed 74496K, reserved 1179648K
  class space    used 8226K, committed 8832K, reserved 1048576K
}
Event: 32.725 GC heap before
{Heap before GC invocations=90 (full 3):
 PSYoungGen      total 22528K, used 22507K [0x00000000d5580000, 0x00000000d7e00000, 0x0000000100000000)
  eden space 18944K, 100% used [0x00000000d5580000,0x00000000d6800000,0x00000000d6800000)
  from space 3584K, 99% used [0x00000000d7180000,0x00000000d74faf78,0x00000000d7500000)
  to   space 9728K, 0% used [0x00000000d6800000,0x00000000d6800000,0x00000000d7180000)
 ParOldGen       total 127488K, used 127052K [0x0000000080000000, 0x0000000087c80000, 0x00000000d5580000)
  object space 127488K, 99% used [0x0000000080000000,0x0000000087c130a0,0x0000000087c80000)
 Metaspace       used 73442K, committed 74816K, reserved 1179648K
  class space    used 8246K, committed 8832K, reserved 1048576K
}
Event: 32.733 GC heap after
{Heap after GC invocations=90 (full 3):
 PSYoungGen      total 24064K, used 4714K [0x00000000d5580000, 0x00000000d7500000, 0x0000000100000000)
  eden space 18944K, 0% used [0x00000000d5580000,0x00000000d5580000,0x00000000d6800000)
  from space 5120K, 92% used [0x00000000d6800000,0x00000000d6c9aa10,0x00000000d6d00000)
  to   space 6656K, 0% used [0x00000000d6e80000,0x00000000d6e80000,0x00000000d7500000)
 ParOldGen       total 130560K, used 130248K [0x0000000080000000, 0x0000000087f80000, 0x00000000d5580000)
  object space 130560K, 99% used [0x0000000080000000,0x0000000087f32118,0x0000000087f80000)
 Metaspace       used 73442K, committed 74816K, reserved 1179648K
  class space    used 8246K, committed 8832K, reserved 1048576K
}
Event: 311.379 GC heap before
{Heap before GC invocations=91 (full 3):
 PSYoungGen      total 24064K, used 23658K [0x00000000d5580000, 0x00000000d7500000, 0x0000000100000000)
  eden space 18944K, 100% used [0x00000000d5580000,0x00000000d6800000,0x00000000d6800000)
  from space 5120K, 92% used [0x00000000d6800000,0x00000000d6c9aa10,0x00000000d6d00000)
  to   space 6656K, 0% used [0x00000000d6e80000,0x00000000d6e80000,0x00000000d7500000)
 ParOldGen       total 130560K, used 130248K [0x0000000080000000, 0x0000000087f80000, 0x00000000d5580000)
  object space 130560K, 99% used [0x0000000080000000,0x0000000087f32118,0x0000000087f80000)
 Metaspace       used 73852K, committed 75264K, reserved 1179648K
  class space    used 8278K, committed 8896K, reserved 1048576K
}
Event: 311.387 GC heap after
{Heap after GC invocations=91 (full 3):
 PSYoungGen      total 22016K, used 2957K [0x00000000d5580000, 0x00000000d7180000, 0x0000000100000000)
  eden space 18944K, 0% used [0x00000000d5580000,0x00000000d5580000,0x00000000d6800000)
  from space 3072K, 96% used [0x00000000d6e80000,0x00000000d7163458,0x00000000d7180000)
  to   space 4096K, 0% used [0x00000000d6980000,0x00000000d6980000,0x00000000d6d80000)
 ParOldGen       total 134656K, used 134650K [0x0000000080000000, 0x0000000088380000, 0x00000000d5580000)
  object space 134656K, 99% used [0x0000000080000000,0x000000008837eb68,0x0000000088380000)
 Metaspace       used 73852K, committed 75264K, reserved 1179648K
  class space    used 8278K, committed 8896K, reserved 1048576K
}

