# JRE version: OpenJDK Runtime Environment Temurin-21.0.8+9 (21.0.8+9) (build 21.0.8+9-LTS)
# Java VM: OpenJDK 64-Bit Server VM Temurin-21.0.8+9 (21.0.8+9-LTS, mixed mode, sharing, tiered, compressed oops, compressed class ptrs, parallel gc, windows-amd64)
GC Precious Log:
 CardTable entry size: 512
 CPUs: 8 total, 8 available
 Memory: 16227M
 Large Page Support: Disabled
 NUMA Support: Disabled
 Compressed Oops: Enabled (32-bit)
 Alignments: Space 512K, Generation 512K, Heap 2M
 Heap Min Capacity: 100M
 Heap Initial Capacity: 100M
 Heap Max Capacity: 2G
 Pre-touch: Disabled
 Parallel Workers: 8
Heap:
 PSYoungGen      total 4608K, used 2381K [0x00000000d5580000, 0x00000000d5b00000, 0x0000000100000000)
  eden space 4096K, 51% used [0x00000000d5580000,0x00000000d5793720,0x00000000d5980000)
  from space 512K, 50% used [0x00000000d5a80000,0x00000000d5ac0000,0x00000000d5b00000)
  to   space 512K, 0% used [0x00000000d5980000,0x00000000d5980000,0x00000000d5a00000)
 ParOldGen       total 134144K, used 133876K [0x0000000080000000, 0x0000000088300000, 0x00000000d5580000)
  object space 134144K, 99% used [0x0000000080000000,0x00000000882bd068,0x0000000088300000)
 Metaspace       used 74393K, committed 75904K, reserved 1179648K
  class space    used 8328K, committed 8960K, reserved 1048576K
GC Heap History (20 events):
Event: 31.577 GC heap before
{Heap before GC invocations=124 (full 3):
 PSYoungGen      total 5632K, used 5176K [0x00000000d5580000, 0x00000000d5c80000, 0x0000000100000000)
  eden space 4096K, 100% used [0x00000000d5580000,0x00000000d5980000,0x00000000d5980000)
  from space 1536K, 70% used [0x00000000d5b00000,0x00000000d5c0e1a8,0x00000000d5c80000)
  to   space 1536K, 0% used [0x00000000d5980000,0x00000000d5980000,0x00000000d5b00000)
 ParOldGen       total 129536K, used 129460K [0x0000000080000000, 0x0000000087e80000, 0x00000000d5580000)
  object space 129536K, 99% used [0x0000000080000000,0x0000000087e6d000,0x0000000087e80000)
 Metaspace       used 73028K, committed 74560K, reserved 1179648K
  class space    used 8214K, committed 8896K, reserved 1048576K
}
Event: 31.581 GC heap after
{Heap after GC invocations=124 (full 3):
 PSYoungGen      total 5632K, used 1109K [0x00000000d5580000, 0x00000000d5c80000, 0x0000000100000000)
  eden space 4096K, 0% used [0x00000000d5580000,0x00000000d5580000,0x00000000d5980000)
  from space 1536K, 72% used [0x00000000d5980000,0x00000000d5a95688,0x00000000d5b00000)
  to   space 1536K, 0% used [0x00000000d5b00000,0x00000000d5b00000,0x00000000d5c80000)
 ParOldGen       total 130560K, used 130416K [0x0000000080000000, 0x0000000087f80000, 0x00000000d5580000)
  object space 130560K, 99% used [0x0000000080000000,0x0000000087f5c218,0x0000000087f80000)
 Metaspace       used 73028K, committed 74560K, reserved 1179648K
  class space    used 8214K, committed 8896K, reserved 1048576K
}
Event: 31.686 GC heap before
{Heap before GC invocations=125 (full 3):
 PSYoungGen      total 5632K, used 5205K [0x00000000d5580000, 0x00000000d5c80000, 0x0000000100000000)
  eden space 4096K, 100% used [0x00000000d5580000,0x00000000d5980000,0x00000000d5980000)
  from space 1536K, 72% used [0x00000000d5980000,0x00000000d5a95688,0x00000000d5b00000)
  to   space 1536K, 0% used [0x00000000d5b00000,0x00000000d5b00000,0x00000000d5c80000)
 ParOldGen       total 130560K, used 130416K [0x0000000080000000, 0x0000000087f80000, 0x00000000d5580000)
  object space 130560K, 99% used [0x0000000080000000,0x0000000087f5c218,0x0000000087f80000)
 Metaspace       used 73074K, committed 74624K, reserved 1179648K
  class space    used 8214K, committed 8896K, reserved 1048576K
}
Event: 31.690 GC heap after
{Heap after GC invocations=125 (full 3):
 PSYoungGen      total 5632K, used 1104K [0x00000000d5580000, 0x00000000d5c80000, 0x0000000100000000)
  eden space 4096K, 0% used [0x00000000d5580000,0x00000000d5580000,0x00000000d5980000)
  from space 1536K, 71% used [0x00000000d5b00000,0x00000000d5c14020,0x00000000d5c80000)
  to   space 1536K, 0% used [0x00000000d5980000,0x00000000d5980000,0x00000000d5b00000)
 ParOldGen       total 131584K, used 131424K [0x0000000080000000, 0x0000000088080000, 0x00000000d5580000)
  object space 131584K, 99% used [0x0000000080000000,0x0000000088058250,0x0000000088080000)
 Metaspace       used 73074K, committed 74624K, reserved 1179648K
  class space    used 8214K, committed 8896K, reserved 1048576K
}
Event: 31.982 GC heap before
{Heap before GC invocations=126 (full 3):
 PSYoungGen      total 5632K, used 5200K [0x00000000d5580000, 0x00000000d5c80000, 0x0000000100000000)
  eden space 4096K, 100% used [0x00000000d5580000,0x00000000d5980000,0x00000000d5980000)
  from space 1536K, 71% used [0x00000000d5b00000,0x00000000d5c14020,0x00000000d5c80000)
  to   space 1536K, 0% used [0x00000000d5980000,0x00000000d5980000,0x00000000d5b00000)
 ParOldGen       total 131584K, used 131424K [0x0000000080000000, 0x0000000088080000, 0x00000000d5580000)
  object space 131584K, 99% used [0x0000000080000000,0x0000000088058250,0x0000000088080000)
 Metaspace       used 73266K, committed 74816K, reserved 1179648K
  class space    used 8232K, committed 8896K, reserved 1048576K
}
Event: 31.985 GC heap after
{Heap after GC invocations=126 (full 3):
 PSYoungGen      total 4608K, used 384K [0x00000000d5580000, 0x00000000d5b80000, 0x0000000100000000)
  eden space 4096K, 0% used [0x00000000d5580000,0x00000000d5580000,0x00000000d5980000)
  from space 512K, 75% used [0x00000000d5980000,0x00000000d59e0000,0x00000000d5a00000)
  to   space 1024K, 0% used [0x00000000d5a80000,0x00000000d5a80000,0x00000000d5b80000)
 ParOldGen       total 132608K, used 132407K [0x0000000080000000, 0x0000000088180000, 0x00000000d5580000)
  object space 132608K, 99% used [0x0000000080000000,0x000000008814ddf0,0x0000000088180000)
 Metaspace       used 73266K, committed 74816K, reserved 1179648K
  class space    used 8232K, committed 8896K, reserved 1048576K
}
Event: 32.225 GC heap before
{Heap before GC invocations=127 (full 3):
 PSYoungGen      total 4608K, used 4480K [0x00000000d5580000, 0x00000000d5b80000, 0x0000000100000000)
  eden space 4096K, 100% used [0x00000000d5580000,0x00000000d5980000,0x00000000d5980000)
  from space 512K, 75% used [0x00000000d5980000,0x00000000d59e0000,0x00000000d5a00000)
  to   space 1024K, 0% used [0x00000000d5a80000,0x00000000d5a80000,0x00000000d5b80000)
 ParOldGen       total 132608K, used 132407K [0x0000000080000000, 0x0000000088180000, 0x00000000d5580000)
  object space 132608K, 99% used [0x0000000080000000,0x000000008814ddf0,0x0000000088180000)
 Metaspace       used 73331K, committed 74880K, reserved 1179648K
  class space    used 8232K, committed 8896K, reserved 1048576K
}
Event: 32.228 GC heap after
{Heap after GC invocations=127 (full 3):
 PSYoungGen      total 4608K, used 288K [0x00000000d5580000, 0x00000000d5b00000, 0x0000000100000000)
  eden space 4096K, 0% used [0x00000000d5580000,0x00000000d5580000,0x00000000d5980000)
  from space 512K, 56% used [0x00000000d5a80000,0x00000000d5ac8000,0x00000000d5b00000)
  to   space 512K, 0% used [0x00000000d5980000,0x00000000d5980000,0x00000000d5a00000)
 ParOldGen       total 132608K, used 132589K [0x0000000080000000, 0x0000000088180000, 0x00000000d5580000)
  object space 132608K, 99% used [0x0000000080000000,0x000000008817b708,0x0000000088180000)
 Metaspace       used 73331K, committed 74880K, reserved 1179648K
  class space    used 8232K, committed 8896K, reserved 1048576K
}
Event: 32.462 GC heap before
{Heap before GC invocations=128 (full 3):
 PSYoungGen      total 4608K, used 4384K [0x00000000d5580000, 0x00000000d5b00000, 0x0000000100000000)
  eden space 4096K, 100% used [0x00000000d5580000,0x00000000d5980000,0x00000000d5980000)
  from space 512K, 56% used [0x00000000d5a80000,0x00000000d5ac8000,0x00000000d5b00000)
  to   space 512K, 0% used [0x00000000d5980000,0x00000000d5980000,0x00000000d5a00000)
 ParOldGen       total 132608K, used 132589K [0x0000000080000000, 0x0000000088180000, 0x00000000d5580000)
  object space 132608K, 99% used [0x0000000080000000,0x000000008817b708,0x0000000088180000)
 Metaspace       used 73360K, committed 74880K, reserved 1179648K
  class space    used 8232K, committed 8896K, reserved 1048576K
}
Event: 32.464 GC heap after
{Heap after GC invocations=128 (full 3):
 PSYoungGen      total 4608K, used 208K [0x00000000d5580000, 0x00000000d5b00000, 0x0000000100000000)
  eden space 4096K, 0% used [0x00000000d5580000,0x00000000d5580000,0x00000000d5980000)
  from space 512K, 40% used [0x00000000d5980000,0x00000000d59b4010,0x00000000d5a00000)
  to   space 512K, 0% used [0x00000000d5a80000,0x00000000d5a80000,0x00000000d5b00000)
 ParOldGen       total 133120K, used 132749K [0x0000000080000000, 0x0000000088200000, 0x00000000d5580000)
  object space 133120K, 99% used [0x0000000080000000,0x00000000881a3708,0x0000000088200000)
 Metaspace       used 73360K, committed 74880K, reserved 1179648K
  class space    used 8232K, committed 8896K, reserved 1048576K
}
Event: 32.671 GC heap before
{Heap before GC invocations=129 (full 3):
 PSYoungGen      total 4608K, used 4304K [0x00000000d5580000, 0x00000000d5b00000, 0x0000000100000000)
  eden space 4096K, 100% used [0x00000000d5580000,0x00000000d5980000,0x00000000d5980000)
  from space 512K, 40% used [0x00000000d5980000,0x00000000d59b4010,0x00000000d5a00000)
  to   space 512K, 0% used [0x00000000d5a80000,0x00000000d5a80000,0x00000000d5b00000)
 ParOldGen       total 133120K, used 132749K [0x0000000080000000, 0x0000000088200000, 0x00000000d5580000)
  object space 133120K, 99% used [0x0000000080000000,0x00000000881a3708,0x0000000088200000)
 Metaspace       used 73613K, committed 75200K, reserved 1179648K
  class space    used 8253K, committed 8960K, reserved 1048576K
}
Event: 32.672 GC heap after
{Heap after GC invocations=129 (full 3):
 PSYoungGen      total 4608K, used 288K [0x00000000d5580000, 0x00000000d5b00000, 0x0000000100000000)
  eden space 4096K, 0% used [0x00000000d5580000,0x00000000d5580000,0x00000000d5980000)
  from space 512K, 56% used [0x00000000d5a80000,0x00000000d5ac8000,0x00000000d5b00000)
  to   space 512K, 0% used [0x00000000d5980000,0x00000000d5980000,0x00000000d5a00000)
 ParOldGen       total 133120K, used 132829K [0x0000000080000000, 0x0000000088200000, 0x00000000d5580000)
  object space 133120K, 99% used [0x0000000080000000,0x00000000881b7718,0x0000000088200000)
 Metaspace       used 73613K, committed 75200K, reserved 1179648K
  class space    used 8253K, committed 8960K, reserved 1048576K
}
Event: 32.893 GC heap before
{Heap before GC invocations=130 (full 3):
 PSYoungGen      total 4608K, used 4384K [0x00000000d5580000, 0x00000000d5b00000, 0x0000000100000000)
  eden space 4096K, 100% used [0x00000000d5580000,0x00000000d5980000,0x00000000d5980000)
  from space 512K, 56% used [0x00000000d5a80000,0x00000000d5ac8000,0x00000000d5b00000)
  to   space 512K, 0% used [0x00000000d5980000,0x00000000d5980000,0x00000000d5a00000)
 ParOldGen       total 133120K, used 132829K [0x0000000080000000, 0x0000000088200000, 0x00000000d5580000)
  object space 133120K, 99% used [0x0000000080000000,0x00000000881b7718,0x0000000088200000)
 Metaspace       used 73868K, committed 75456K, reserved 1179648K
  class space    used 8288K, committed 8960K, reserved 1048576K
}
Event: 32.897 GC heap after
{Heap after GC invocations=130 (full 3):
 PSYoungGen      total 4608K, used 224K [0x00000000d5580000, 0x00000000d5b00000, 0x0000000100000000)
  eden space 4096K, 0% used [0x00000000d5580000,0x00000000d5580000,0x00000000d5980000)
  from space 512K, 43% used [0x00000000d5980000,0x00000000d59b8000,0x00000000d5a00000)
  to   space 512K, 0% used [0x00000000d5a80000,0x00000000d5a80000,0x00000000d5b00000)
 ParOldGen       total 133120K, used 132934K [0x0000000080000000, 0x0000000088200000, 0x00000000d5580000)
  object space 133120K, 99% used [0x0000000080000000,0x00000000881d18c8,0x0000000088200000)
 Metaspace       used 73868K, committed 75456K, reserved 1179648K
  class space    used 8288K, committed 8960K, reserved 1048576K
}
Event: 33.075 GC heap before
{Heap before GC invocations=131 (full 3):
 PSYoungGen      total 4608K, used 4320K [0x00000000d5580000, 0x00000000d5b00000, 0x0000000100000000)
  eden space 4096K, 100% used [0x00000000d5580000,0x00000000d5980000,0x00000000d5980000)
  from space 512K, 43% used [0x00000000d5980000,0x00000000d59b8000,0x00000000d5a00000)
  to   space 512K, 0% used [0x00000000d5a80000,0x00000000d5a80000,0x00000000d5b00000)
 ParOldGen       total 133120K, used 132934K [0x0000000080000000, 0x0000000088200000, 0x00000000d5580000)
  object space 133120K, 99% used [0x0000000080000000,0x00000000881d18c8,0x0000000088200000)
 Metaspace       used 73934K, committed 75520K, reserved 1179648K
  class space    used 8291K, committed 8960K, reserved 1048576K
}
Event: 33.078 GC heap after
{Heap after GC invocations=131 (full 3):
 PSYoungGen      total 4608K, used 368K [0x00000000d5580000, 0x00000000d5b00000, 0x0000000100000000)
  eden space 4096K, 0% used [0x00000000d5580000,0x00000000d5580000,0x00000000d5980000)
  from space 512K, 71% used [0x00000000d5a80000,0x00000000d5adc010,0x00000000d5b00000)
  to   space 512K, 0% used [0x00000000d5980000,0x00000000d5980000,0x00000000d5a00000)
 ParOldGen       total 133120K, used 133022K [0x0000000080000000, 0x0000000088200000, 0x00000000d5580000)
  object space 133120K, 99% used [0x0000000080000000,0x00000000881e78d8,0x0000000088200000)
 Metaspace       used 73934K, committed 75520K, reserved 1179648K
  class space    used 8291K, committed 8960K, reserved 1048576K
}
Event: 326.574 GC heap before
{Heap before GC invocations=132 (full 3):
 PSYoungGen      total 4608K, used 4463K [0x00000000d5580000, 0x00000000d5b00000, 0x0000000100000000)
  eden space 4096K, 99% used [0x00000000d5580000,0x00000000d597ffa8,0x00000000d5980000)
  from space 512K, 71% used [0x00000000d5a80000,0x00000000d5adc010,0x00000000d5b00000)
  to   space 512K, 0% used [0x00000000d5980000,0x00000000d5980000,0x00000000d5a00000)
 ParOldGen       total 133120K, used 133022K [0x0000000080000000, 0x0000000088200000, 0x00000000d5580000)
  object space 133120K, 99% used [0x0000000080000000,0x00000000881e78d8,0x0000000088200000)
 Metaspace       used 74199K, committed 75776K, reserved 1179648K
  class space    used 8314K, committed 8960K, reserved 1048576K
}
Event: 326.581 GC heap after
{Heap after GC invocations=132 (full 3):
 PSYoungGen      total 4608K, used 512K [0x00000000d5580000, 0x00000000d5b80000, 0x0000000100000000)
  eden space 4096K, 0% used [0x00000000d5580000,0x00000000d5580000,0x00000000d5980000)
  from space 512K, 100% used [0x00000000d5980000,0x00000000d5a00000,0x00000000d5a00000)
  to   space 1024K, 0% used [0x00000000d5a80000,0x00000000d5a80000,0x00000000d5b80000)
 ParOldGen       total 133632K, used 133427K [0x0000000080000000, 0x0000000088280000, 0x00000000d5580000)
  object space 133632K, 99% used [0x0000000080000000,0x000000008824cf20,0x0000000088280000)
 Metaspace       used 74199K, committed 75776K, reserved 1179648K
  class space    used 8314K, committed 8960K, reserved 1048576K
}
Event: 3007.629 GC heap before
{Heap before GC invocations=133 (full 3):
 PSYoungGen      total 4608K, used 4608K [0x00000000d5580000, 0x00000000d5b80000, 0x0000000100000000)
  eden space 4096K, 100% used [0x00000000d5580000,0x00000000d5980000,0x00000000d5980000)
  from space 512K, 100% used [0x00000000d5980000,0x00000000d5a00000,0x00000000d5a00000)
  to   space 1024K, 0% used [0x00000000d5a80000,0x00000000d5a80000,0x00000000d5b80000)
 ParOldGen       total 133632K, used 133427K [0x0000000080000000, 0x0000000088280000, 0x00000000d5580000)
  object space 133632K, 99% used [0x0000000080000000,0x000000008824cf20,0x0000000088280000)
 Metaspace       used 74374K, committed 75840K, reserved 1179648K
  class space    used 8328K, committed 8960K, reserved 1048576K
}
Event: 3007.649 GC heap after
{Heap after GC invocations=133 (full 3):
 PSYoungGen      total 4608K, used 256K [0x00000000d5580000, 0x00000000d5b00000, 0x0000000100000000)
  eden space 4096K, 0% used [0x00000000d5580000,0x00000000d5580000,0x00000000d5980000)
  from space 512K, 50% used [0x00000000d5a80000,0x00000000d5ac0000,0x00000000d5b00000)
  to   space 512K, 0% used [0x00000000d5980000,0x00000000d5980000,0x00000000d5a00000)
 ParOldGen       total 134144K, used 133876K [0x0000000080000000, 0x0000000088300000, 0x00000000d5580000)
  object space 134144K, 99% used [0x0000000080000000,0x00000000882bd068,0x0000000088300000)
 Metaspace       used 74374K, committed 75840K, reserved 1179648K
  class space    used 8328K, committed 8960K, reserved 1048576K
}

