# JRE version: OpenJDK Runtime Environment Temurin-21.0.8+9 (21.0.8+9) (build 21.0.8+9-LTS)
# Java VM: OpenJDK 64-Bit Server VM Temurin-21.0.8+9 (21.0.8+9-LTS, mixed mode, sharing, tiered, compressed oops, compressed class ptrs, parallel gc, windows-amd64)
GC Precious Log:
 CardTable entry size: 512
 CPUs: 8 total, 8 available
 Memory: 16227M
 Large Page Support: Disabled
 NUMA Support: Disabled
 Compressed Oops: Enabled (32-bit)
 Alignments: Space 512K, Generation 512K, Heap 2M
 Heap Min Capacity: 100M
 Heap Initial Capacity: 100M
 Heap Max Capacity: 2G
 Pre-touch: Disabled
 Parallel Workers: 8
Heap:
 PSYoungGen      total 3072K, used 2261K [0x00000000d5580000, 0x00000000d5c80000, 0x0000000100000000)
  eden space 2048K, 79% used [0x00000000d5580000,0x00000000d5719480,0x00000000d5780000)
  from space 1024K, 60% used [0x00000000d5a80000,0x00000000d5b1c010,0x00000000d5b80000)
  to   space 1024K, 0% used [0x00000000d5b80000,0x00000000d5b80000,0x00000000d5c80000)
 ParOldGen       total 93184K, used 92876K [0x0000000080000000, 0x0000000085b00000, 0x00000000d5580000)
  object space 93184K, 99% used [0x0000000080000000,0x0000000085ab3228,0x0000000085b00000)
 Metaspace       used 62992K, committed 64384K, reserved 1114112K
  class space    used 7413K, committed 8000K, reserved 1048576K
GC Heap History (20 events):
Event: 13.507 GC heap before
{Heap before GC invocations=217 (full 3):
 PSYoungGen      total 2560K, used 2368K [0x00000000d5580000, 0x00000000d5c80000, 0x0000000100000000)
  eden space 2048K, 100% used [0x00000000d5580000,0x00000000d5780000,0x00000000d5780000)
  from space 512K, 62% used [0x00000000d5b80000,0x00000000d5bd0000,0x00000000d5c00000)
  to   space 512K, 0% used [0x00000000d5c00000,0x00000000d5c00000,0x00000000d5c80000)
 ParOldGen       total 91648K, used 91465K [0x0000000080000000, 0x0000000085980000, 0x00000000d5580000)
  object space 91648K, 99% used [0x0000000080000000,0x0000000085952518,0x0000000085980000)
 Metaspace       used 62340K, committed 63744K, reserved 1114112K
  class space    used 7370K, committed 8000K, reserved 1048576K
}
Event: 13.508 GC heap after
{Heap after GC invocations=217 (full 3):
 PSYoungGen      total 2560K, used 288K [0x00000000d5580000, 0x00000000d5c80000, 0x0000000100000000)
  eden space 2048K, 0% used [0x00000000d5580000,0x00000000d5580000,0x00000000d5780000)
  from space 512K, 56% used [0x00000000d5c00000,0x00000000d5c48000,0x00000000d5c80000)
  to   space 512K, 0% used [0x00000000d5b80000,0x00000000d5b80000,0x00000000d5c00000)
 ParOldGen       total 92160K, used 91665K [0x0000000080000000, 0x0000000085a00000, 0x00000000d5580000)
  object space 92160K, 99% used [0x0000000080000000,0x0000000085984538,0x0000000085a00000)
 Metaspace       used 62340K, committed 63744K, reserved 1114112K
  class space    used 7370K, committed 8000K, reserved 1048576K
}
Event: 13.520 GC heap before
{Heap before GC invocations=218 (full 3):
 PSYoungGen      total 2560K, used 2335K [0x00000000d5580000, 0x00000000d5c80000, 0x0000000100000000)
  eden space 2048K, 99% used [0x00000000d5580000,0x00000000d577ffd0,0x00000000d5780000)
  from space 512K, 56% used [0x00000000d5c00000,0x00000000d5c48000,0x00000000d5c80000)
  to   space 512K, 0% used [0x00000000d5b80000,0x00000000d5b80000,0x00000000d5c00000)
 ParOldGen       total 92160K, used 91665K [0x0000000080000000, 0x0000000085a00000, 0x00000000d5580000)
  object space 92160K, 99% used [0x0000000080000000,0x0000000085984538,0x0000000085a00000)
 Metaspace       used 62366K, committed 63744K, reserved 1114112K
  class space    used 7375K, committed 8000K, reserved 1048576K
}
Event: 13.521 GC heap after
{Heap after GC invocations=218 (full 3):
 PSYoungGen      total 2560K, used 347K [0x00000000d5580000, 0x00000000d5c80000, 0x0000000100000000)
  eden space 2048K, 0% used [0x00000000d5580000,0x00000000d5580000,0x00000000d5780000)
  from space 512K, 67% used [0x00000000d5b80000,0x00000000d5bd6c68,0x00000000d5c00000)
  to   space 512K, 0% used [0x00000000d5c00000,0x00000000d5c00000,0x00000000d5c80000)
 ParOldGen       total 92160K, used 91753K [0x0000000080000000, 0x0000000085a00000, 0x00000000d5580000)
  object space 92160K, 99% used [0x0000000080000000,0x000000008599a538,0x0000000085a00000)
 Metaspace       used 62366K, committed 63744K, reserved 1114112K
  class space    used 7375K, committed 8000K, reserved 1048576K
}
Event: 13.569 GC heap before
{Heap before GC invocations=219 (full 3):
 PSYoungGen      total 2560K, used 2395K [0x00000000d5580000, 0x00000000d5c80000, 0x0000000100000000)
  eden space 2048K, 99% used [0x00000000d5580000,0x00000000d577ffe8,0x00000000d5780000)
  from space 512K, 67% used [0x00000000d5b80000,0x00000000d5bd6c68,0x00000000d5c00000)
  to   space 512K, 0% used [0x00000000d5c00000,0x00000000d5c00000,0x00000000d5c80000)
 ParOldGen       total 92160K, used 91753K [0x0000000080000000, 0x0000000085a00000, 0x00000000d5580000)
  object space 92160K, 99% used [0x0000000080000000,0x000000008599a538,0x0000000085a00000)
 Metaspace       used 62398K, committed 63744K, reserved 1114112K
  class space    used 7377K, committed 8000K, reserved 1048576K
}
Event: 13.570 GC heap after
{Heap after GC invocations=219 (full 3):
 PSYoungGen      total 2560K, used 451K [0x00000000d5580000, 0x00000000d5c80000, 0x0000000100000000)
  eden space 2048K, 0% used [0x00000000d5580000,0x00000000d5580000,0x00000000d5780000)
  from space 512K, 88% used [0x00000000d5c00000,0x00000000d5c70ea8,0x00000000d5c80000)
  to   space 512K, 0% used [0x00000000d5b80000,0x00000000d5b80000,0x00000000d5c00000)
 ParOldGen       total 92160K, used 91913K [0x0000000080000000, 0x0000000085a00000, 0x00000000d5580000)
  object space 92160K, 99% used [0x0000000080000000,0x00000000859c2558,0x0000000085a00000)
 Metaspace       used 62398K, committed 63744K, reserved 1114112K
  class space    used 7377K, committed 8000K, reserved 1048576K
}
Event: 13.606 GC heap before
{Heap before GC invocations=220 (full 3):
 PSYoungGen      total 2560K, used 2499K [0x00000000d5580000, 0x00000000d5c80000, 0x0000000100000000)
  eden space 2048K, 99% used [0x00000000d5580000,0x00000000d577fff8,0x00000000d5780000)
  from space 512K, 88% used [0x00000000d5c00000,0x00000000d5c70ea8,0x00000000d5c80000)
  to   space 512K, 0% used [0x00000000d5b80000,0x00000000d5b80000,0x00000000d5c00000)
 ParOldGen       total 92160K, used 91913K [0x0000000080000000, 0x0000000085a00000, 0x00000000d5580000)
  object space 92160K, 99% used [0x0000000080000000,0x00000000859c2558,0x0000000085a00000)
 Metaspace       used 62444K, committed 63808K, reserved 1114112K
  class space    used 7383K, committed 8000K, reserved 1048576K
}
Event: 13.607 GC heap after
{Heap after GC invocations=220 (full 3):
 PSYoungGen      total 2560K, used 368K [0x00000000d5580000, 0x00000000d5c80000, 0x0000000100000000)
  eden space 2048K, 0% used [0x00000000d5580000,0x00000000d5580000,0x00000000d5780000)
  from space 512K, 71% used [0x00000000d5b80000,0x00000000d5bdc010,0x00000000d5c00000)
  to   space 512K, 0% used [0x00000000d5c00000,0x00000000d5c00000,0x00000000d5c80000)
 ParOldGen       total 92160K, used 92135K [0x0000000080000000, 0x0000000085a00000, 0x00000000d5580000)
  object space 92160K, 99% used [0x0000000080000000,0x00000000859f9d88,0x0000000085a00000)
 Metaspace       used 62444K, committed 63808K, reserved 1114112K
  class space    used 7383K, committed 8000K, reserved 1048576K
}
Event: 13.642 GC heap before
{Heap before GC invocations=221 (full 3):
 PSYoungGen      total 2560K, used 2416K [0x00000000d5580000, 0x00000000d5c80000, 0x0000000100000000)
  eden space 2048K, 100% used [0x00000000d5580000,0x00000000d5780000,0x00000000d5780000)
  from space 512K, 71% used [0x00000000d5b80000,0x00000000d5bdc010,0x00000000d5c00000)
  to   space 512K, 0% used [0x00000000d5c00000,0x00000000d5c00000,0x00000000d5c80000)
 ParOldGen       total 92160K, used 92135K [0x0000000080000000, 0x0000000085a00000, 0x00000000d5580000)
  object space 92160K, 99% used [0x0000000080000000,0x00000000859f9d88,0x0000000085a00000)
 Metaspace       used 62513K, committed 63872K, reserved 1114112K
  class space    used 7391K, committed 8000K, reserved 1048576K
}
Event: 13.644 GC heap after
{Heap after GC invocations=221 (full 3):
 PSYoungGen      total 2560K, used 361K [0x00000000d5580000, 0x00000000d5c80000, 0x0000000100000000)
  eden space 2048K, 0% used [0x00000000d5580000,0x00000000d5580000,0x00000000d5780000)
  from space 512K, 70% used [0x00000000d5c00000,0x00000000d5c5a410,0x00000000d5c80000)
  to   space 512K, 0% used [0x00000000d5b80000,0x00000000d5b80000,0x00000000d5c00000)
 ParOldGen       total 92672K, used 92372K [0x0000000080000000, 0x0000000085a80000, 0x00000000d5580000)
  object space 92672K, 99% used [0x0000000080000000,0x0000000085a35218,0x0000000085a80000)
 Metaspace       used 62513K, committed 63872K, reserved 1114112K
  class space    used 7391K, committed 8000K, reserved 1048576K
}
Event: 13.669 GC heap before
{Heap before GC invocations=222 (full 3):
 PSYoungGen      total 2560K, used 2409K [0x00000000d5580000, 0x00000000d5c80000, 0x0000000100000000)
  eden space 2048K, 100% used [0x00000000d5580000,0x00000000d5780000,0x00000000d5780000)
  from space 512K, 70% used [0x00000000d5c00000,0x00000000d5c5a410,0x00000000d5c80000)
  to   space 512K, 0% used [0x00000000d5b80000,0x00000000d5b80000,0x00000000d5c00000)
 ParOldGen       total 92672K, used 92372K [0x0000000080000000, 0x0000000085a80000, 0x00000000d5580000)
  object space 92672K, 99% used [0x0000000080000000,0x0000000085a35218,0x0000000085a80000)
 Metaspace       used 62588K, committed 64000K, reserved 1114112K
  class space    used 7394K, committed 8000K, reserved 1048576K
}
Event: 13.670 GC heap after
{Heap after GC invocations=222 (full 3):
 PSYoungGen      total 2560K, used 224K [0x00000000d5580000, 0x00000000d5c80000, 0x0000000100000000)
  eden space 2048K, 0% used [0x00000000d5580000,0x00000000d5580000,0x00000000d5780000)
  from space 512K, 43% used [0x00000000d5b80000,0x00000000d5bb8000,0x00000000d5c00000)
  to   space 512K, 0% used [0x00000000d5c00000,0x00000000d5c00000,0x00000000d5c80000)
 ParOldGen       total 92672K, used 92508K [0x0000000080000000, 0x0000000085a80000, 0x00000000d5580000)
  object space 92672K, 99% used [0x0000000080000000,0x0000000085a57218,0x0000000085a80000)
 Metaspace       used 62588K, committed 64000K, reserved 1114112K
  class space    used 7394K, committed 8000K, reserved 1048576K
}
Event: 13.688 GC heap before
{Heap before GC invocations=223 (full 3):
 PSYoungGen      total 2560K, used 2272K [0x00000000d5580000, 0x00000000d5c80000, 0x0000000100000000)
  eden space 2048K, 100% used [0x00000000d5580000,0x00000000d5780000,0x00000000d5780000)
  from space 512K, 43% used [0x00000000d5b80000,0x00000000d5bb8000,0x00000000d5c00000)
  to   space 512K, 0% used [0x00000000d5c00000,0x00000000d5c00000,0x00000000d5c80000)
 ParOldGen       total 92672K, used 92508K [0x0000000080000000, 0x0000000085a80000, 0x00000000d5580000)
  object space 92672K, 99% used [0x0000000080000000,0x0000000085a57218,0x0000000085a80000)
 Metaspace       used 62610K, committed 64000K, reserved 1114112K
  class space    used 7396K, committed 8000K, reserved 1048576K
}
Event: 13.689 GC heap after
{Heap after GC invocations=223 (full 3):
 PSYoungGen      total 2560K, used 160K [0x00000000d5580000, 0x00000000d5c80000, 0x0000000100000000)
  eden space 2048K, 0% used [0x00000000d5580000,0x00000000d5580000,0x00000000d5780000)
  from space 512K, 31% used [0x00000000d5c00000,0x00000000d5c28000,0x00000000d5c80000)
  to   space 512K, 0% used [0x00000000d5b80000,0x00000000d5b80000,0x00000000d5c00000)
 ParOldGen       total 92672K, used 92572K [0x0000000080000000, 0x0000000085a80000, 0x00000000d5580000)
  object space 92672K, 99% used [0x0000000080000000,0x0000000085a67228,0x0000000085a80000)
 Metaspace       used 62610K, committed 64000K, reserved 1114112K
  class space    used 7396K, committed 8000K, reserved 1048576K
}
Event: 13.722 GC heap before
{Heap before GC invocations=224 (full 3):
 PSYoungGen      total 2560K, used 2207K [0x00000000d5580000, 0x00000000d5c80000, 0x0000000100000000)
  eden space 2048K, 99% used [0x00000000d5580000,0x00000000d577ff18,0x00000000d5780000)
  from space 512K, 31% used [0x00000000d5c00000,0x00000000d5c28000,0x00000000d5c80000)
  to   space 512K, 0% used [0x00000000d5b80000,0x00000000d5b80000,0x00000000d5c00000)
 ParOldGen       total 92672K, used 92572K [0x0000000080000000, 0x0000000085a80000, 0x00000000d5580000)
  object space 92672K, 99% used [0x0000000080000000,0x0000000085a67228,0x0000000085a80000)
 Metaspace       used 62675K, committed 64064K, reserved 1114112K
  class space    used 7400K, committed 8000K, reserved 1048576K
}
Event: 13.723 GC heap after
{Heap after GC invocations=224 (full 3):
 PSYoungGen      total 2560K, used 224K [0x00000000d5580000, 0x00000000d5c80000, 0x0000000100000000)
  eden space 2048K, 0% used [0x00000000d5580000,0x00000000d5580000,0x00000000d5780000)
  from space 512K, 43% used [0x00000000d5b80000,0x00000000d5bb8000,0x00000000d5c00000)
  to   space 512K, 0% used [0x00000000d5c00000,0x00000000d5c00000,0x00000000d5c80000)
 ParOldGen       total 92672K, used 92628K [0x0000000080000000, 0x0000000085a80000, 0x00000000d5580000)
  object space 92672K, 99% used [0x0000000080000000,0x0000000085a75228,0x0000000085a80000)
 Metaspace       used 62675K, committed 64064K, reserved 1114112K
  class space    used 7400K, committed 8000K, reserved 1048576K
}
Event: 32.238 GC heap before
{Heap before GC invocations=225 (full 3):
 PSYoungGen      total 2560K, used 2272K [0x00000000d5580000, 0x00000000d5c80000, 0x0000000100000000)
  eden space 2048K, 100% used [0x00000000d5580000,0x00000000d5780000,0x00000000d5780000)
  from space 512K, 43% used [0x00000000d5b80000,0x00000000d5bb8000,0x00000000d5c00000)
  to   space 512K, 0% used [0x00000000d5c00000,0x00000000d5c00000,0x00000000d5c80000)
 ParOldGen       total 92672K, used 92628K [0x0000000080000000, 0x0000000085a80000, 0x00000000d5580000)
  object space 92672K, 99% used [0x0000000080000000,0x0000000085a75228,0x0000000085a80000)
 Metaspace       used 62710K, committed 64064K, reserved 1114112K
  class space    used 7400K, committed 8000K, reserved 1048576K
}
Event: 32.239 GC heap after
{Heap after GC invocations=225 (full 3):
 PSYoungGen      total 2560K, used 496K [0x00000000d5580000, 0x00000000d5c80000, 0x0000000100000000)
  eden space 2048K, 0% used [0x00000000d5580000,0x00000000d5580000,0x00000000d5780000)
  from space 512K, 96% used [0x00000000d5c00000,0x00000000d5c7c020,0x00000000d5c80000)
  to   space 1024K, 0% used [0x00000000d5a80000,0x00000000d5a80000,0x00000000d5b80000)
 ParOldGen       total 93184K, used 92756K [0x0000000080000000, 0x0000000085b00000, 0x00000000d5580000)
  object space 93184K, 99% used [0x0000000080000000,0x0000000085a95228,0x0000000085b00000)
 Metaspace       used 62710K, committed 64064K, reserved 1114112K
  class space    used 7400K, committed 8000K, reserved 1048576K
}
Event: 305.559 GC heap before
{Heap before GC invocations=226 (full 3):
 PSYoungGen      total 2560K, used 2544K [0x00000000d5580000, 0x00000000d5c80000, 0x0000000100000000)
  eden space 2048K, 100% used [0x00000000d5580000,0x00000000d5780000,0x00000000d5780000)
  from space 512K, 96% used [0x00000000d5c00000,0x00000000d5c7c020,0x00000000d5c80000)
  to   space 1024K, 0% used [0x00000000d5a80000,0x00000000d5a80000,0x00000000d5b80000)
 ParOldGen       total 93184K, used 92756K [0x0000000080000000, 0x0000000085b00000, 0x00000000d5580000)
  object space 93184K, 99% used [0x0000000080000000,0x0000000085a95228,0x0000000085b00000)
 Metaspace       used 62918K, committed 64320K, reserved 1114112K
  class space    used 7413K, committed 8000K, reserved 1048576K
}
Event: 305.561 GC heap after
{Heap after GC invocations=226 (full 3):
 PSYoungGen      total 3072K, used 624K [0x00000000d5580000, 0x00000000d5c80000, 0x0000000100000000)
  eden space 2048K, 0% used [0x00000000d5580000,0x00000000d5580000,0x00000000d5780000)
  from space 1024K, 60% used [0x00000000d5a80000,0x00000000d5b1c010,0x00000000d5b80000)
  to   space 1024K, 0% used [0x00000000d5b80000,0x00000000d5b80000,0x00000000d5c80000)
 ParOldGen       total 93184K, used 92876K [0x0000000080000000, 0x0000000085b00000, 0x00000000d5580000)
  object space 93184K, 99% used [0x0000000080000000,0x0000000085ab3228,0x0000000085b00000)
 Metaspace       used 62918K, committed 64320K, reserved 1114112K
  class space    used 7413K, committed 8000K, reserved 1048576K
}

